[2026-04-18T18:43:50.320+0000] {processor.py:161} INFO - Started process (PID=57) to work on /home/airflow/.local/lib/python3.12/site-packages/airflow/example_dags/example_setup_teardown.py
[2026-04-18T18:43:50.322+0000] {processor.py:830} INFO - Processing file /home/airflow/.local/lib/python3.12/site-packages/airflow/example_dags/example_setup_teardown.py for tasks to queue
[2026-04-18T18:43:50.324+0000] {logging_mixin.py:188} INFO - [2026-04-18T18:43:50.324+0000] {dagbag.py:545} INFO - Filling up the DagBag from /home/airflow/.local/lib/python3.12/site-packages/airflow/example_dags/example_setup_teardown.py
[2026-04-18T18:43:50.339+0000] {processor.py:840} INFO - DAG(s) 'example_setup_teardown' retrieved from /home/airflow/.local/lib/python3.12/site-packages/airflow/example_dags/example_setup_teardown.py
[2026-04-18T18:43:50.373+0000] {logging_mixin.py:188} INFO - [2026-04-18T18:43:50.373+0000] {dag.py:3096} INFO - Sync 1 DAGs
[2026-04-18T18:43:50.402+0000] {logging_mixin.py:188} INFO - [2026-04-18T18:43:50.402+0000] {dag.py:3954} INFO - Setting next_dagrun for example_setup_teardown to 2026-04-17 00:00:00+00:00, run_after=2026-04-18 00:00:00+00:00
[2026-04-18T18:43:50.425+0000] {processor.py:183} INFO - Processing /home/airflow/.local/lib/python3.12/site-packages/airflow/example_dags/example_setup_teardown.py took 0.113 seconds
[2026-04-18T18:44:20.497+0000] {processor.py:161} INFO - Started process (PID=115) to work on /home/airflow/.local/lib/python3.12/site-packages/airflow/example_dags/example_setup_teardown.py
[2026-04-18T18:44:20.497+0000] {processor.py:830} INFO - Processing file /home/airflow/.local/lib/python3.12/site-packages/airflow/example_dags/example_setup_teardown.py for tasks to queue
[2026-04-18T18:44:20.499+0000] {logging_mixin.py:188} INFO - [2026-04-18T18:44:20.499+0000] {dagbag.py:545} INFO - Filling up the DagBag from /home/airflow/.local/lib/python3.12/site-packages/airflow/example_dags/example_setup_teardown.py
[2026-04-18T18:44:20.504+0000] {processor.py:840} INFO - DAG(s) 'example_setup_teardown' retrieved from /home/airflow/.local/lib/python3.12/site-packages/airflow/example_dags/example_setup_teardown.py
[2026-04-18T18:44:20.691+0000] {logging_mixin.py:188} INFO - [2026-04-18T18:44:20.691+0000] {dag.py:3096} INFO - Sync 1 DAGs
[2026-04-18T18:44:20.709+0000] {logging_mixin.py:188} INFO - [2026-04-18T18:44:20.708+0000] {dag.py:3954} INFO - Setting next_dagrun for example_setup_teardown to 2026-04-17 00:00:00+00:00, run_after=2026-04-18 00:00:00+00:00
[2026-04-18T18:44:20.727+0000] {processor.py:183} INFO - Processing /home/airflow/.local/lib/python3.12/site-packages/airflow/example_dags/example_setup_teardown.py took 0.235 seconds
[2026-04-18T18:44:51.212+0000] {processor.py:161} INFO - Started process (PID=179) to work on /home/airflow/.local/lib/python3.12/site-packages/airflow/example_dags/example_setup_teardown.py
[2026-04-18T18:44:51.213+0000] {processor.py:830} INFO - Processing file /home/airflow/.local/lib/python3.12/site-packages/airflow/example_dags/example_setup_teardown.py for tasks to queue
[2026-04-18T18:44:51.215+0000] {logging_mixin.py:188} INFO - [2026-04-18T18:44:51.215+0000] {dagbag.py:545} INFO - Filling up the DagBag from /home/airflow/.local/lib/python3.12/site-packages/airflow/example_dags/example_setup_teardown.py
[2026-04-18T18:44:51.222+0000] {processor.py:840} INFO - DAG(s) 'example_setup_teardown' retrieved from /home/airflow/.local/lib/python3.12/site-packages/airflow/example_dags/example_setup_teardown.py
[2026-04-18T18:44:51.247+0000] {logging_mixin.py:188} INFO - [2026-04-18T18:44:51.246+0000] {dag.py:3096} INFO - Sync 1 DAGs
[2026-04-18T18:44:51.273+0000] {logging_mixin.py:188} INFO - [2026-04-18T18:44:51.273+0000] {dag.py:3954} INFO - Setting next_dagrun for example_setup_teardown to 2026-04-17 00:00:00+00:00, run_after=2026-04-18 00:00:00+00:00
[2026-04-18T18:44:51.296+0000] {processor.py:183} INFO - Processing /home/airflow/.local/lib/python3.12/site-packages/airflow/example_dags/example_setup_teardown.py took 0.089 seconds
[2026-04-18T18:45:21.840+0000] {processor.py:161} INFO - Started process (PID=237) to work on /home/airflow/.local/lib/python3.12/site-packages/airflow/example_dags/example_setup_teardown.py
[2026-04-18T18:45:21.841+0000] {processor.py:830} INFO - Processing file /home/airflow/.local/lib/python3.12/site-packages/airflow/example_dags/example_setup_teardown.py for tasks to queue
[2026-04-18T18:45:21.842+0000] {logging_mixin.py:188} INFO - [2026-04-18T18:45:21.842+0000] {dagbag.py:545} INFO - Filling up the DagBag from /home/airflow/.local/lib/python3.12/site-packages/airflow/example_dags/example_setup_teardown.py
[2026-04-18T18:45:21.848+0000] {processor.py:840} INFO - DAG(s) 'example_setup_teardown' retrieved from /home/airflow/.local/lib/python3.12/site-packages/airflow/example_dags/example_setup_teardown.py
[2026-04-18T18:45:21.866+0000] {logging_mixin.py:188} INFO - [2026-04-18T18:45:21.865+0000] {dag.py:3096} INFO - Sync 1 DAGs
[2026-04-18T18:45:21.885+0000] {logging_mixin.py:188} INFO - [2026-04-18T18:45:21.885+0000] {dag.py:3954} INFO - Setting next_dagrun for example_setup_teardown to 2026-04-17 00:00:00+00:00, run_after=2026-04-18 00:00:00+00:00
[2026-04-18T18:45:21.903+0000] {processor.py:183} INFO - Processing /home/airflow/.local/lib/python3.12/site-packages/airflow/example_dags/example_setup_teardown.py took 0.068 seconds
