[2026-04-18T18:43:52.872+0000] {processor.py:161} INFO - Started process (PID=93) to work on /home/airflow/.local/lib/python3.12/site-packages/airflow/example_dags/example_subdag_operator.py
[2026-04-18T18:43:52.874+0000] {processor.py:830} INFO - Processing file /home/airflow/.local/lib/python3.12/site-packages/airflow/example_dags/example_subdag_operator.py for tasks to queue
[2026-04-18T18:43:52.875+0000] {logging_mixin.py:188} INFO - [2026-04-18T18:43:52.875+0000] {dagbag.py:545} INFO - Filling up the DagBag from /home/airflow/.local/lib/python3.12/site-packages/airflow/example_dags/example_subdag_operator.py
[2026-04-18T18:43:52.907+0000] {processor.py:840} INFO - DAG(s) 'example_subdag_operator.section-1', 'example_subdag_operator.section-2', 'example_subdag_operator' retrieved from /home/airflow/.local/lib/python3.12/site-packages/airflow/example_dags/example_subdag_operator.py
[2026-04-18T18:43:52.912+0000] {logging_mixin.py:188} INFO - [2026-04-18T18:43:52.911+0000] {dag.py:3096} INFO - Sync 3 DAGs
[2026-04-18T18:43:52.952+0000] {logging_mixin.py:188} INFO - [2026-04-18T18:43:52.952+0000] {dag.py:3954} INFO - Setting next_dagrun for example_subdag_operator to 2022-01-01 00:00:00+00:00, run_after=2022-01-01 00:00:00+00:00
[2026-04-18T18:43:52.957+0000] {logging_mixin.py:188} INFO - [2026-04-18T18:43:52.957+0000] {dag.py:3954} INFO - Setting next_dagrun for example_subdag_operator.section-1 to None, run_after=None
[2026-04-18T18:43:52.960+0000] {logging_mixin.py:188} INFO - [2026-04-18T18:43:52.960+0000] {dag.py:3954} INFO - Setting next_dagrun for example_subdag_operator.section-2 to None, run_after=None
[2026-04-18T18:43:52.972+0000] {logging_mixin.py:188} INFO - [2026-04-18T18:43:52.972+0000] {dag.py:3096} INFO - Sync 2 DAGs
[2026-04-18T18:43:52.980+0000] {logging_mixin.py:188} INFO - [2026-04-18T18:43:52.979+0000] {dag.py:3954} INFO - Setting next_dagrun for example_subdag_operator.section-1 to None, run_after=None
[2026-04-18T18:43:52.980+0000] {logging_mixin.py:188} INFO - [2026-04-18T18:43:52.980+0000] {dag.py:3954} INFO - Setting next_dagrun for example_subdag_operator.section-2 to None, run_after=None
[2026-04-18T18:43:52.997+0000] {processor.py:183} INFO - Processing /home/airflow/.local/lib/python3.12/site-packages/airflow/example_dags/example_subdag_operator.py took 0.131 seconds
[2026-04-18T18:44:23.579+0000] {processor.py:161} INFO - Started process (PID=151) to work on /home/airflow/.local/lib/python3.12/site-packages/airflow/example_dags/example_subdag_operator.py
[2026-04-18T18:44:23.579+0000] {processor.py:830} INFO - Processing file /home/airflow/.local/lib/python3.12/site-packages/airflow/example_dags/example_subdag_operator.py for tasks to queue
[2026-04-18T18:44:23.581+0000] {logging_mixin.py:188} INFO - [2026-04-18T18:44:23.581+0000] {dagbag.py:545} INFO - Filling up the DagBag from /home/airflow/.local/lib/python3.12/site-packages/airflow/example_dags/example_subdag_operator.py
[2026-04-18T18:44:23.601+0000] {processor.py:840} INFO - DAG(s) 'example_subdag_operator.section-1', 'example_subdag_operator.section-2', 'example_subdag_operator' retrieved from /home/airflow/.local/lib/python3.12/site-packages/airflow/example_dags/example_subdag_operator.py
[2026-04-18T18:44:23.689+0000] {logging_mixin.py:188} INFO - [2026-04-18T18:44:23.688+0000] {dag.py:3096} INFO - Sync 3 DAGs
[2026-04-18T18:44:23.705+0000] {logging_mixin.py:188} INFO - [2026-04-18T18:44:23.705+0000] {dag.py:3954} INFO - Setting next_dagrun for example_subdag_operator to 2022-01-01 00:00:00+00:00, run_after=2022-01-01 00:00:00+00:00
[2026-04-18T18:44:23.708+0000] {logging_mixin.py:188} INFO - [2026-04-18T18:44:23.708+0000] {dag.py:3954} INFO - Setting next_dagrun for example_subdag_operator.section-1 to None, run_after=None
[2026-04-18T18:44:23.709+0000] {logging_mixin.py:188} INFO - [2026-04-18T18:44:23.709+0000] {dag.py:3954} INFO - Setting next_dagrun for example_subdag_operator.section-2 to None, run_after=None
[2026-04-18T18:44:23.717+0000] {logging_mixin.py:188} INFO - [2026-04-18T18:44:23.717+0000] {dag.py:3096} INFO - Sync 2 DAGs
[2026-04-18T18:44:23.722+0000] {logging_mixin.py:188} INFO - [2026-04-18T18:44:23.722+0000] {dag.py:3954} INFO - Setting next_dagrun for example_subdag_operator.section-1 to None, run_after=None
[2026-04-18T18:44:23.722+0000] {logging_mixin.py:188} INFO - [2026-04-18T18:44:23.722+0000] {dag.py:3954} INFO - Setting next_dagrun for example_subdag_operator.section-2 to None, run_after=None
[2026-04-18T18:44:23.732+0000] {processor.py:183} INFO - Processing /home/airflow/.local/lib/python3.12/site-packages/airflow/example_dags/example_subdag_operator.py took 0.158 seconds
[2026-04-18T18:44:54.195+0000] {processor.py:161} INFO - Started process (PID=209) to work on /home/airflow/.local/lib/python3.12/site-packages/airflow/example_dags/example_subdag_operator.py
[2026-04-18T18:44:54.197+0000] {processor.py:830} INFO - Processing file /home/airflow/.local/lib/python3.12/site-packages/airflow/example_dags/example_subdag_operator.py for tasks to queue
[2026-04-18T18:44:54.199+0000] {logging_mixin.py:188} INFO - [2026-04-18T18:44:54.199+0000] {dagbag.py:545} INFO - Filling up the DagBag from /home/airflow/.local/lib/python3.12/site-packages/airflow/example_dags/example_subdag_operator.py
[2026-04-18T18:44:54.223+0000] {processor.py:840} INFO - DAG(s) 'example_subdag_operator.section-1', 'example_subdag_operator.section-2', 'example_subdag_operator' retrieved from /home/airflow/.local/lib/python3.12/site-packages/airflow/example_dags/example_subdag_operator.py
[2026-04-18T18:44:54.240+0000] {logging_mixin.py:188} INFO - [2026-04-18T18:44:54.240+0000] {dag.py:3096} INFO - Sync 3 DAGs
[2026-04-18T18:44:54.262+0000] {logging_mixin.py:188} INFO - [2026-04-18T18:44:54.262+0000] {dag.py:3954} INFO - Setting next_dagrun for example_subdag_operator to 2022-01-01 00:00:00+00:00, run_after=2022-01-01 00:00:00+00:00
[2026-04-18T18:44:54.266+0000] {logging_mixin.py:188} INFO - [2026-04-18T18:44:54.265+0000] {dag.py:3954} INFO - Setting next_dagrun for example_subdag_operator.section-1 to None, run_after=None
[2026-04-18T18:44:54.267+0000] {logging_mixin.py:188} INFO - [2026-04-18T18:44:54.267+0000] {dag.py:3954} INFO - Setting next_dagrun for example_subdag_operator.section-2 to None, run_after=None
[2026-04-18T18:44:54.274+0000] {logging_mixin.py:188} INFO - [2026-04-18T18:44:54.274+0000] {dag.py:3096} INFO - Sync 2 DAGs
[2026-04-18T18:44:54.279+0000] {logging_mixin.py:188} INFO - [2026-04-18T18:44:54.278+0000] {dag.py:3954} INFO - Setting next_dagrun for example_subdag_operator.section-1 to None, run_after=None
[2026-04-18T18:44:54.279+0000] {logging_mixin.py:188} INFO - [2026-04-18T18:44:54.279+0000] {dag.py:3954} INFO - Setting next_dagrun for example_subdag_operator.section-2 to None, run_after=None
[2026-04-18T18:44:54.291+0000] {processor.py:183} INFO - Processing /home/airflow/.local/lib/python3.12/site-packages/airflow/example_dags/example_subdag_operator.py took 0.102 seconds
[2026-04-18T18:45:24.599+0000] {processor.py:161} INFO - Started process (PID=267) to work on /home/airflow/.local/lib/python3.12/site-packages/airflow/example_dags/example_subdag_operator.py
[2026-04-18T18:45:24.600+0000] {processor.py:830} INFO - Processing file /home/airflow/.local/lib/python3.12/site-packages/airflow/example_dags/example_subdag_operator.py for tasks to queue
[2026-04-18T18:45:24.602+0000] {logging_mixin.py:188} INFO - [2026-04-18T18:45:24.602+0000] {dagbag.py:545} INFO - Filling up the DagBag from /home/airflow/.local/lib/python3.12/site-packages/airflow/example_dags/example_subdag_operator.py
[2026-04-18T18:45:24.627+0000] {processor.py:840} INFO - DAG(s) 'example_subdag_operator.section-1', 'example_subdag_operator.section-2', 'example_subdag_operator' retrieved from /home/airflow/.local/lib/python3.12/site-packages/airflow/example_dags/example_subdag_operator.py
[2026-04-18T18:45:24.642+0000] {logging_mixin.py:188} INFO - [2026-04-18T18:45:24.641+0000] {dag.py:3096} INFO - Sync 3 DAGs
[2026-04-18T18:45:24.662+0000] {logging_mixin.py:188} INFO - [2026-04-18T18:45:24.662+0000] {dag.py:3954} INFO - Setting next_dagrun for example_subdag_operator to 2022-01-01 00:00:00+00:00, run_after=2022-01-01 00:00:00+00:00
[2026-04-18T18:45:24.667+0000] {logging_mixin.py:188} INFO - [2026-04-18T18:45:24.667+0000] {dag.py:3954} INFO - Setting next_dagrun for example_subdag_operator.section-1 to None, run_after=None
[2026-04-18T18:45:24.668+0000] {logging_mixin.py:188} INFO - [2026-04-18T18:45:24.668+0000] {dag.py:3954} INFO - Setting next_dagrun for example_subdag_operator.section-2 to None, run_after=None
[2026-04-18T18:45:24.675+0000] {logging_mixin.py:188} INFO - [2026-04-18T18:45:24.675+0000] {dag.py:3096} INFO - Sync 2 DAGs
[2026-04-18T18:45:24.680+0000] {logging_mixin.py:188} INFO - [2026-04-18T18:45:24.680+0000] {dag.py:3954} INFO - Setting next_dagrun for example_subdag_operator.section-1 to None, run_after=None
[2026-04-18T18:45:24.681+0000] {logging_mixin.py:188} INFO - [2026-04-18T18:45:24.681+0000] {dag.py:3954} INFO - Setting next_dagrun for example_subdag_operator.section-2 to None, run_after=None
[2026-04-18T18:45:24.692+0000] {processor.py:183} INFO - Processing /home/airflow/.local/lib/python3.12/site-packages/airflow/example_dags/example_subdag_operator.py took 0.098 seconds
