[2026-04-18T18:43:52.826+0000] {processor.py:161} INFO - Started process (PID=92) to work on /home/airflow/.local/lib/python3.12/site-packages/airflow/example_dags/example_datasets.py
[2026-04-18T18:43:52.827+0000] {processor.py:830} INFO - Processing file /home/airflow/.local/lib/python3.12/site-packages/airflow/example_dags/example_datasets.py for tasks to queue
[2026-04-18T18:43:52.828+0000] {logging_mixin.py:188} INFO - [2026-04-18T18:43:52.828+0000] {dagbag.py:545} INFO - Filling up the DagBag from /home/airflow/.local/lib/python3.12/site-packages/airflow/example_dags/example_datasets.py
[2026-04-18T18:43:52.854+0000] {processor.py:840} INFO - DAG(s) 'dataset_produces_1', 'consume_1_or_2_with_dataset_expressions', 'conditional_dataset_and_time_based_timetable', 'dataset_consumes_1_never_scheduled', 'consume_1_or_both_2_and_3_with_dataset_expressions', 'dataset_consumes_unknown_never_scheduled', 'dataset_consumes_1', 'dataset_produces_2', 'consume_1_and_2_with_dataset_expressions', 'dataset_consumes_1_and_2' retrieved from /home/airflow/.local/lib/python3.12/site-packages/airflow/example_dags/example_datasets.py
[2026-04-18T18:43:52.872+0000] {logging_mixin.py:188} INFO - [2026-04-18T18:43:52.872+0000] {dag.py:3096} INFO - Sync 10 DAGs
[2026-04-18T18:43:52.904+0000] {logging_mixin.py:188} INFO - [2026-04-18T18:43:52.903+0000] {dag.py:3954} INFO - Setting next_dagrun for conditional_dataset_and_time_based_timetable to 2026-04-15 01:00:00+00:00, run_after=2026-04-15 01:00:00+00:00
[2026-04-18T18:43:52.908+0000] {logging_mixin.py:188} INFO - [2026-04-18T18:43:52.908+0000] {dag.py:3954} INFO - Setting next_dagrun for consume_1_and_2_with_dataset_expressions to None, run_after=None
[2026-04-18T18:43:52.910+0000] {logging_mixin.py:188} INFO - [2026-04-18T18:43:52.910+0000] {dag.py:3954} INFO - Setting next_dagrun for consume_1_or_2_with_dataset_expressions to None, run_after=None
[2026-04-18T18:43:52.912+0000] {logging_mixin.py:188} INFO - [2026-04-18T18:43:52.911+0000] {dag.py:3954} INFO - Setting next_dagrun for consume_1_or_both_2_and_3_with_dataset_expressions to None, run_after=None
[2026-04-18T18:43:52.913+0000] {logging_mixin.py:188} INFO - [2026-04-18T18:43:52.913+0000] {dag.py:3954} INFO - Setting next_dagrun for dataset_consumes_1 to None, run_after=None
[2026-04-18T18:43:52.915+0000] {logging_mixin.py:188} INFO - [2026-04-18T18:43:52.915+0000] {dag.py:3954} INFO - Setting next_dagrun for dataset_consumes_1_and_2 to None, run_after=None
[2026-04-18T18:43:52.916+0000] {logging_mixin.py:188} INFO - [2026-04-18T18:43:52.916+0000] {dag.py:3954} INFO - Setting next_dagrun for dataset_consumes_1_never_scheduled to None, run_after=None
[2026-04-18T18:43:52.918+0000] {logging_mixin.py:188} INFO - [2026-04-18T18:43:52.918+0000] {dag.py:3954} INFO - Setting next_dagrun for dataset_consumes_unknown_never_scheduled to None, run_after=None
[2026-04-18T18:43:52.922+0000] {logging_mixin.py:188} INFO - [2026-04-18T18:43:52.922+0000] {dag.py:3954} INFO - Setting next_dagrun for dataset_produces_1 to 2026-04-17 00:00:00+00:00, run_after=2026-04-18 00:00:00+00:00
[2026-04-18T18:43:52.925+0000] {logging_mixin.py:188} INFO - [2026-04-18T18:43:52.924+0000] {dag.py:3954} INFO - Setting next_dagrun for dataset_produces_2 to None, run_after=None
[2026-04-18T18:43:52.973+0000] {processor.py:183} INFO - Processing /home/airflow/.local/lib/python3.12/site-packages/airflow/example_dags/example_datasets.py took 0.153 seconds
[2026-04-18T18:44:23.578+0000] {processor.py:161} INFO - Started process (PID=150) to work on /home/airflow/.local/lib/python3.12/site-packages/airflow/example_dags/example_datasets.py
[2026-04-18T18:44:23.579+0000] {processor.py:830} INFO - Processing file /home/airflow/.local/lib/python3.12/site-packages/airflow/example_dags/example_datasets.py for tasks to queue
[2026-04-18T18:44:23.581+0000] {logging_mixin.py:188} INFO - [2026-04-18T18:44:23.580+0000] {dagbag.py:545} INFO - Filling up the DagBag from /home/airflow/.local/lib/python3.12/site-packages/airflow/example_dags/example_datasets.py
[2026-04-18T18:44:23.592+0000] {processor.py:840} INFO - DAG(s) 'consume_1_and_2_with_dataset_expressions', 'dataset_consumes_1', 'dataset_produces_1', 'dataset_consumes_1_never_scheduled', 'dataset_consumes_unknown_never_scheduled', 'dataset_consumes_1_and_2', 'dataset_produces_2', 'consume_1_or_both_2_and_3_with_dataset_expressions', 'consume_1_or_2_with_dataset_expressions', 'conditional_dataset_and_time_based_timetable' retrieved from /home/airflow/.local/lib/python3.12/site-packages/airflow/example_dags/example_datasets.py
[2026-04-18T18:44:23.766+0000] {logging_mixin.py:188} INFO - [2026-04-18T18:44:23.766+0000] {dag.py:3096} INFO - Sync 10 DAGs
[2026-04-18T18:44:23.786+0000] {logging_mixin.py:188} INFO - [2026-04-18T18:44:23.786+0000] {dag.py:3954} INFO - Setting next_dagrun for conditional_dataset_and_time_based_timetable to 2026-04-15 01:00:00+00:00, run_after=2026-04-15 01:00:00+00:00
[2026-04-18T18:44:23.789+0000] {logging_mixin.py:188} INFO - [2026-04-18T18:44:23.789+0000] {dag.py:3954} INFO - Setting next_dagrun for consume_1_and_2_with_dataset_expressions to None, run_after=None
[2026-04-18T18:44:23.790+0000] {logging_mixin.py:188} INFO - [2026-04-18T18:44:23.790+0000] {dag.py:3954} INFO - Setting next_dagrun for consume_1_or_2_with_dataset_expressions to None, run_after=None
[2026-04-18T18:44:23.792+0000] {logging_mixin.py:188} INFO - [2026-04-18T18:44:23.792+0000] {dag.py:3954} INFO - Setting next_dagrun for consume_1_or_both_2_and_3_with_dataset_expressions to None, run_after=None
[2026-04-18T18:44:23.793+0000] {logging_mixin.py:188} INFO - [2026-04-18T18:44:23.793+0000] {dag.py:3954} INFO - Setting next_dagrun for dataset_consumes_1 to None, run_after=None
[2026-04-18T18:44:23.794+0000] {logging_mixin.py:188} INFO - [2026-04-18T18:44:23.794+0000] {dag.py:3954} INFO - Setting next_dagrun for dataset_consumes_1_and_2 to None, run_after=None
[2026-04-18T18:44:23.795+0000] {logging_mixin.py:188} INFO - [2026-04-18T18:44:23.795+0000] {dag.py:3954} INFO - Setting next_dagrun for dataset_consumes_1_never_scheduled to None, run_after=None
[2026-04-18T18:44:23.796+0000] {logging_mixin.py:188} INFO - [2026-04-18T18:44:23.796+0000] {dag.py:3954} INFO - Setting next_dagrun for dataset_consumes_unknown_never_scheduled to None, run_after=None
[2026-04-18T18:44:23.798+0000] {logging_mixin.py:188} INFO - [2026-04-18T18:44:23.798+0000] {dag.py:3954} INFO - Setting next_dagrun for dataset_produces_1 to 2026-04-17 00:00:00+00:00, run_after=2026-04-18 00:00:00+00:00
[2026-04-18T18:44:23.799+0000] {logging_mixin.py:188} INFO - [2026-04-18T18:44:23.799+0000] {dag.py:3954} INFO - Setting next_dagrun for dataset_produces_2 to None, run_after=None
[2026-04-18T18:44:23.831+0000] {processor.py:183} INFO - Processing /home/airflow/.local/lib/python3.12/site-packages/airflow/example_dags/example_datasets.py took 0.257 seconds
[2026-04-18T18:44:54.152+0000] {processor.py:161} INFO - Started process (PID=208) to work on /home/airflow/.local/lib/python3.12/site-packages/airflow/example_dags/example_datasets.py
[2026-04-18T18:44:54.154+0000] {processor.py:830} INFO - Processing file /home/airflow/.local/lib/python3.12/site-packages/airflow/example_dags/example_datasets.py for tasks to queue
[2026-04-18T18:44:54.156+0000] {logging_mixin.py:188} INFO - [2026-04-18T18:44:54.155+0000] {dagbag.py:545} INFO - Filling up the DagBag from /home/airflow/.local/lib/python3.12/site-packages/airflow/example_dags/example_datasets.py
[2026-04-18T18:44:54.174+0000] {processor.py:840} INFO - DAG(s) 'consume_1_or_both_2_and_3_with_dataset_expressions', 'dataset_consumes_1_never_scheduled', 'dataset_produces_2', 'dataset_consumes_unknown_never_scheduled', 'conditional_dataset_and_time_based_timetable', 'consume_1_or_2_with_dataset_expressions', 'dataset_consumes_1', 'dataset_produces_1', 'dataset_consumes_1_and_2', 'consume_1_and_2_with_dataset_expressions' retrieved from /home/airflow/.local/lib/python3.12/site-packages/airflow/example_dags/example_datasets.py
[2026-04-18T18:44:54.232+0000] {logging_mixin.py:188} INFO - [2026-04-18T18:44:54.232+0000] {dag.py:3096} INFO - Sync 10 DAGs
[2026-04-18T18:44:54.260+0000] {logging_mixin.py:188} INFO - [2026-04-18T18:44:54.259+0000] {dag.py:3954} INFO - Setting next_dagrun for conditional_dataset_and_time_based_timetable to 2026-04-15 01:00:00+00:00, run_after=2026-04-15 01:00:00+00:00
[2026-04-18T18:44:54.264+0000] {logging_mixin.py:188} INFO - [2026-04-18T18:44:54.263+0000] {dag.py:3954} INFO - Setting next_dagrun for consume_1_and_2_with_dataset_expressions to None, run_after=None
[2026-04-18T18:44:54.265+0000] {logging_mixin.py:188} INFO - [2026-04-18T18:44:54.265+0000] {dag.py:3954} INFO - Setting next_dagrun for consume_1_or_2_with_dataset_expressions to None, run_after=None
[2026-04-18T18:44:54.266+0000] {logging_mixin.py:188} INFO - [2026-04-18T18:44:54.266+0000] {dag.py:3954} INFO - Setting next_dagrun for consume_1_or_both_2_and_3_with_dataset_expressions to None, run_after=None
[2026-04-18T18:44:54.267+0000] {logging_mixin.py:188} INFO - [2026-04-18T18:44:54.267+0000] {dag.py:3954} INFO - Setting next_dagrun for dataset_consumes_1 to None, run_after=None
[2026-04-18T18:44:54.268+0000] {logging_mixin.py:188} INFO - [2026-04-18T18:44:54.268+0000] {dag.py:3954} INFO - Setting next_dagrun for dataset_consumes_1_and_2 to None, run_after=None
[2026-04-18T18:44:54.270+0000] {logging_mixin.py:188} INFO - [2026-04-18T18:44:54.270+0000] {dag.py:3954} INFO - Setting next_dagrun for dataset_consumes_1_never_scheduled to None, run_after=None
[2026-04-18T18:44:54.272+0000] {logging_mixin.py:188} INFO - [2026-04-18T18:44:54.272+0000] {dag.py:3954} INFO - Setting next_dagrun for dataset_consumes_unknown_never_scheduled to None, run_after=None
[2026-04-18T18:44:54.274+0000] {logging_mixin.py:188} INFO - [2026-04-18T18:44:54.274+0000] {dag.py:3954} INFO - Setting next_dagrun for dataset_produces_1 to 2026-04-17 00:00:00+00:00, run_after=2026-04-18 00:00:00+00:00
[2026-04-18T18:44:54.275+0000] {logging_mixin.py:188} INFO - [2026-04-18T18:44:54.275+0000] {dag.py:3954} INFO - Setting next_dagrun for dataset_produces_2 to None, run_after=None
[2026-04-18T18:44:54.309+0000] {processor.py:183} INFO - Processing /home/airflow/.local/lib/python3.12/site-packages/airflow/example_dags/example_datasets.py took 0.162 seconds
[2026-04-18T18:45:24.524+0000] {processor.py:161} INFO - Started process (PID=266) to work on /home/airflow/.local/lib/python3.12/site-packages/airflow/example_dags/example_datasets.py
[2026-04-18T18:45:24.525+0000] {processor.py:830} INFO - Processing file /home/airflow/.local/lib/python3.12/site-packages/airflow/example_dags/example_datasets.py for tasks to queue
[2026-04-18T18:45:24.527+0000] {logging_mixin.py:188} INFO - [2026-04-18T18:45:24.526+0000] {dagbag.py:545} INFO - Filling up the DagBag from /home/airflow/.local/lib/python3.12/site-packages/airflow/example_dags/example_datasets.py
[2026-04-18T18:45:24.538+0000] {processor.py:840} INFO - DAG(s) 'dataset_produces_2', 'conditional_dataset_and_time_based_timetable', 'consume_1_or_2_with_dataset_expressions', 'dataset_produces_1', 'consume_1_or_both_2_and_3_with_dataset_expressions', 'dataset_consumes_1', 'consume_1_and_2_with_dataset_expressions', 'dataset_consumes_1_and_2', 'dataset_consumes_unknown_never_scheduled', 'dataset_consumes_1_never_scheduled' retrieved from /home/airflow/.local/lib/python3.12/site-packages/airflow/example_dags/example_datasets.py
[2026-04-18T18:45:24.600+0000] {logging_mixin.py:188} INFO - [2026-04-18T18:45:24.600+0000] {dag.py:3096} INFO - Sync 10 DAGs
[2026-04-18T18:45:24.629+0000] {logging_mixin.py:188} INFO - [2026-04-18T18:45:24.629+0000] {dag.py:3954} INFO - Setting next_dagrun for conditional_dataset_and_time_based_timetable to 2026-04-15 01:00:00+00:00, run_after=2026-04-15 01:00:00+00:00
[2026-04-18T18:45:24.634+0000] {logging_mixin.py:188} INFO - [2026-04-18T18:45:24.634+0000] {dag.py:3954} INFO - Setting next_dagrun for consume_1_and_2_with_dataset_expressions to None, run_after=None
[2026-04-18T18:45:24.635+0000] {logging_mixin.py:188} INFO - [2026-04-18T18:45:24.635+0000] {dag.py:3954} INFO - Setting next_dagrun for consume_1_or_2_with_dataset_expressions to None, run_after=None
[2026-04-18T18:45:24.637+0000] {logging_mixin.py:188} INFO - [2026-04-18T18:45:24.636+0000] {dag.py:3954} INFO - Setting next_dagrun for consume_1_or_both_2_and_3_with_dataset_expressions to None, run_after=None
[2026-04-18T18:45:24.638+0000] {logging_mixin.py:188} INFO - [2026-04-18T18:45:24.637+0000] {dag.py:3954} INFO - Setting next_dagrun for dataset_consumes_1 to None, run_after=None
[2026-04-18T18:45:24.639+0000] {logging_mixin.py:188} INFO - [2026-04-18T18:45:24.638+0000] {dag.py:3954} INFO - Setting next_dagrun for dataset_consumes_1_and_2 to None, run_after=None
[2026-04-18T18:45:24.640+0000] {logging_mixin.py:188} INFO - [2026-04-18T18:45:24.639+0000] {dag.py:3954} INFO - Setting next_dagrun for dataset_consumes_1_never_scheduled to None, run_after=None
[2026-04-18T18:45:24.641+0000] {logging_mixin.py:188} INFO - [2026-04-18T18:45:24.640+0000] {dag.py:3954} INFO - Setting next_dagrun for dataset_consumes_unknown_never_scheduled to None, run_after=None
[2026-04-18T18:45:24.643+0000] {logging_mixin.py:188} INFO - [2026-04-18T18:45:24.643+0000] {dag.py:3954} INFO - Setting next_dagrun for dataset_produces_1 to 2026-04-17 00:00:00+00:00, run_after=2026-04-18 00:00:00+00:00
[2026-04-18T18:45:24.644+0000] {logging_mixin.py:188} INFO - [2026-04-18T18:45:24.644+0000] {dag.py:3954} INFO - Setting next_dagrun for dataset_produces_2 to None, run_after=None
[2026-04-18T18:45:24.675+0000] {processor.py:183} INFO - Processing /home/airflow/.local/lib/python3.12/site-packages/airflow/example_dags/example_datasets.py took 0.156 seconds
