[2026-04-18T18:43:53.670+0000] {processor.py:161} INFO - Started process (PID=106) to work on /home/airflow/.local/lib/python3.12/site-packages/airflow/example_dags/example_bash_operator.py
[2026-04-18T18:43:53.671+0000] {processor.py:830} INFO - Processing file /home/airflow/.local/lib/python3.12/site-packages/airflow/example_dags/example_bash_operator.py for tasks to queue
[2026-04-18T18:43:53.673+0000] {logging_mixin.py:188} INFO - [2026-04-18T18:43:53.672+0000] {dagbag.py:545} INFO - Filling up the DagBag from /home/airflow/.local/lib/python3.12/site-packages/airflow/example_dags/example_bash_operator.py
[2026-04-18T18:43:53.685+0000] {processor.py:840} INFO - DAG(s) 'example_bash_operator' retrieved from /home/airflow/.local/lib/python3.12/site-packages/airflow/example_dags/example_bash_operator.py
[2026-04-18T18:43:53.696+0000] {logging_mixin.py:188} INFO - [2026-04-18T18:43:53.696+0000] {dag.py:3096} INFO - Sync 1 DAGs
[2026-04-18T18:43:53.721+0000] {logging_mixin.py:188} INFO - [2026-04-18T18:43:53.720+0000] {dag.py:3954} INFO - Setting next_dagrun for example_bash_operator to 2026-04-17 00:00:00+00:00, run_after=2026-04-18 00:00:00+00:00
[2026-04-18T18:43:53.739+0000] {processor.py:183} INFO - Processing /home/airflow/.local/lib/python3.12/site-packages/airflow/example_dags/example_bash_operator.py took 0.075 seconds
[2026-04-18T18:44:24.743+0000] {processor.py:161} INFO - Started process (PID=164) to work on /home/airflow/.local/lib/python3.12/site-packages/airflow/example_dags/example_bash_operator.py
[2026-04-18T18:44:24.744+0000] {processor.py:830} INFO - Processing file /home/airflow/.local/lib/python3.12/site-packages/airflow/example_dags/example_bash_operator.py for tasks to queue
[2026-04-18T18:44:24.746+0000] {logging_mixin.py:188} INFO - [2026-04-18T18:44:24.745+0000] {dagbag.py:545} INFO - Filling up the DagBag from /home/airflow/.local/lib/python3.12/site-packages/airflow/example_dags/example_bash_operator.py
[2026-04-18T18:44:24.755+0000] {processor.py:840} INFO - DAG(s) 'example_bash_operator' retrieved from /home/airflow/.local/lib/python3.12/site-packages/airflow/example_dags/example_bash_operator.py
[2026-04-18T18:44:24.852+0000] {logging_mixin.py:188} INFO - [2026-04-18T18:44:24.852+0000] {dag.py:3096} INFO - Sync 1 DAGs
[2026-04-18T18:44:24.873+0000] {logging_mixin.py:188} INFO - [2026-04-18T18:44:24.872+0000] {dag.py:3954} INFO - Setting next_dagrun for example_bash_operator to 2026-04-17 00:00:00+00:00, run_after=2026-04-18 00:00:00+00:00
[2026-04-18T18:44:24.893+0000] {processor.py:183} INFO - Processing /home/airflow/.local/lib/python3.12/site-packages/airflow/example_dags/example_bash_operator.py took 0.155 seconds
[2026-04-18T18:44:54.943+0000] {processor.py:161} INFO - Started process (PID=222) to work on /home/airflow/.local/lib/python3.12/site-packages/airflow/example_dags/example_bash_operator.py
[2026-04-18T18:44:54.944+0000] {processor.py:830} INFO - Processing file /home/airflow/.local/lib/python3.12/site-packages/airflow/example_dags/example_bash_operator.py for tasks to queue
[2026-04-18T18:44:54.946+0000] {logging_mixin.py:188} INFO - [2026-04-18T18:44:54.946+0000] {dagbag.py:545} INFO - Filling up the DagBag from /home/airflow/.local/lib/python3.12/site-packages/airflow/example_dags/example_bash_operator.py
[2026-04-18T18:44:54.957+0000] {processor.py:840} INFO - DAG(s) 'example_bash_operator' retrieved from /home/airflow/.local/lib/python3.12/site-packages/airflow/example_dags/example_bash_operator.py
[2026-04-18T18:44:54.991+0000] {logging_mixin.py:188} INFO - [2026-04-18T18:44:54.991+0000] {dag.py:3096} INFO - Sync 1 DAGs
[2026-04-18T18:44:55.018+0000] {logging_mixin.py:188} INFO - [2026-04-18T18:44:55.017+0000] {dag.py:3954} INFO - Setting next_dagrun for example_bash_operator to 2026-04-17 00:00:00+00:00, run_after=2026-04-18 00:00:00+00:00
[2026-04-18T18:44:55.041+0000] {processor.py:183} INFO - Processing /home/airflow/.local/lib/python3.12/site-packages/airflow/example_dags/example_bash_operator.py took 0.102 seconds
[2026-04-18T18:45:25.257+0000] {processor.py:161} INFO - Started process (PID=280) to work on /home/airflow/.local/lib/python3.12/site-packages/airflow/example_dags/example_bash_operator.py
[2026-04-18T18:45:25.258+0000] {processor.py:830} INFO - Processing file /home/airflow/.local/lib/python3.12/site-packages/airflow/example_dags/example_bash_operator.py for tasks to queue
[2026-04-18T18:45:25.260+0000] {logging_mixin.py:188} INFO - [2026-04-18T18:45:25.259+0000] {dagbag.py:545} INFO - Filling up the DagBag from /home/airflow/.local/lib/python3.12/site-packages/airflow/example_dags/example_bash_operator.py
[2026-04-18T18:45:25.269+0000] {processor.py:840} INFO - DAG(s) 'example_bash_operator' retrieved from /home/airflow/.local/lib/python3.12/site-packages/airflow/example_dags/example_bash_operator.py
[2026-04-18T18:45:25.302+0000] {logging_mixin.py:188} INFO - [2026-04-18T18:45:25.301+0000] {dag.py:3096} INFO - Sync 1 DAGs
[2026-04-18T18:45:25.329+0000] {logging_mixin.py:188} INFO - [2026-04-18T18:45:25.329+0000] {dag.py:3954} INFO - Setting next_dagrun for example_bash_operator to 2026-04-17 00:00:00+00:00, run_after=2026-04-18 00:00:00+00:00
[2026-04-18T18:45:25.352+0000] {processor.py:183} INFO - Processing /home/airflow/.local/lib/python3.12/site-packages/airflow/example_dags/example_bash_operator.py took 0.100 seconds
