[2026-04-18T18:43:53.439+0000] {processor.py:161} INFO - Started process (PID=102) to work on /home/airflow/.local/lib/python3.12/site-packages/airflow/example_dags/example_bash_decorator.py
[2026-04-18T18:43:53.440+0000] {processor.py:830} INFO - Processing file /home/airflow/.local/lib/python3.12/site-packages/airflow/example_dags/example_bash_decorator.py for tasks to queue
[2026-04-18T18:43:53.442+0000] {logging_mixin.py:188} INFO - [2026-04-18T18:43:53.441+0000] {dagbag.py:545} INFO - Filling up the DagBag from /home/airflow/.local/lib/python3.12/site-packages/airflow/example_dags/example_bash_decorator.py
[2026-04-18T18:43:53.458+0000] {processor.py:840} INFO - DAG(s) 'example_bash_decorator' retrieved from /home/airflow/.local/lib/python3.12/site-packages/airflow/example_dags/example_bash_decorator.py
[2026-04-18T18:43:53.473+0000] {logging_mixin.py:188} INFO - [2026-04-18T18:43:53.473+0000] {dag.py:3096} INFO - Sync 1 DAGs
[2026-04-18T18:43:53.487+0000] {logging_mixin.py:188} INFO - [2026-04-18T18:43:53.487+0000] {dag.py:3954} INFO - Setting next_dagrun for example_bash_decorator to None, run_after=None
[2026-04-18T18:43:53.509+0000] {processor.py:183} INFO - Processing /home/airflow/.local/lib/python3.12/site-packages/airflow/example_dags/example_bash_decorator.py took 0.075 seconds
[2026-04-18T18:44:24.419+0000] {processor.py:161} INFO - Started process (PID=160) to work on /home/airflow/.local/lib/python3.12/site-packages/airflow/example_dags/example_bash_decorator.py
[2026-04-18T18:44:24.419+0000] {processor.py:830} INFO - Processing file /home/airflow/.local/lib/python3.12/site-packages/airflow/example_dags/example_bash_decorator.py for tasks to queue
[2026-04-18T18:44:24.421+0000] {logging_mixin.py:188} INFO - [2026-04-18T18:44:24.421+0000] {dagbag.py:545} INFO - Filling up the DagBag from /home/airflow/.local/lib/python3.12/site-packages/airflow/example_dags/example_bash_decorator.py
[2026-04-18T18:44:24.432+0000] {processor.py:840} INFO - DAG(s) 'example_bash_decorator' retrieved from /home/airflow/.local/lib/python3.12/site-packages/airflow/example_dags/example_bash_decorator.py
[2026-04-18T18:44:24.523+0000] {logging_mixin.py:188} INFO - [2026-04-18T18:44:24.523+0000] {dag.py:3096} INFO - Sync 1 DAGs
[2026-04-18T18:44:24.534+0000] {logging_mixin.py:188} INFO - [2026-04-18T18:44:24.533+0000] {dag.py:3954} INFO - Setting next_dagrun for example_bash_decorator to None, run_after=None
[2026-04-18T18:44:24.552+0000] {processor.py:183} INFO - Processing /home/airflow/.local/lib/python3.12/site-packages/airflow/example_dags/example_bash_decorator.py took 0.138 seconds
[2026-04-18T18:44:54.731+0000] {processor.py:161} INFO - Started process (PID=218) to work on /home/airflow/.local/lib/python3.12/site-packages/airflow/example_dags/example_bash_decorator.py
[2026-04-18T18:44:54.732+0000] {processor.py:830} INFO - Processing file /home/airflow/.local/lib/python3.12/site-packages/airflow/example_dags/example_bash_decorator.py for tasks to queue
[2026-04-18T18:44:54.734+0000] {logging_mixin.py:188} INFO - [2026-04-18T18:44:54.734+0000] {dagbag.py:545} INFO - Filling up the DagBag from /home/airflow/.local/lib/python3.12/site-packages/airflow/example_dags/example_bash_decorator.py
[2026-04-18T18:44:54.746+0000] {processor.py:840} INFO - DAG(s) 'example_bash_decorator' retrieved from /home/airflow/.local/lib/python3.12/site-packages/airflow/example_dags/example_bash_decorator.py
[2026-04-18T18:44:54.770+0000] {logging_mixin.py:188} INFO - [2026-04-18T18:44:54.770+0000] {dag.py:3096} INFO - Sync 1 DAGs
[2026-04-18T18:44:54.783+0000] {logging_mixin.py:188} INFO - [2026-04-18T18:44:54.782+0000] {dag.py:3954} INFO - Setting next_dagrun for example_bash_decorator to None, run_after=None
[2026-04-18T18:44:54.801+0000] {processor.py:183} INFO - Processing /home/airflow/.local/lib/python3.12/site-packages/airflow/example_dags/example_bash_decorator.py took 0.074 seconds
[2026-04-18T18:45:25.061+0000] {processor.py:161} INFO - Started process (PID=276) to work on /home/airflow/.local/lib/python3.12/site-packages/airflow/example_dags/example_bash_decorator.py
[2026-04-18T18:45:25.062+0000] {processor.py:830} INFO - Processing file /home/airflow/.local/lib/python3.12/site-packages/airflow/example_dags/example_bash_decorator.py for tasks to queue
[2026-04-18T18:45:25.064+0000] {logging_mixin.py:188} INFO - [2026-04-18T18:45:25.063+0000] {dagbag.py:545} INFO - Filling up the DagBag from /home/airflow/.local/lib/python3.12/site-packages/airflow/example_dags/example_bash_decorator.py
[2026-04-18T18:45:25.075+0000] {processor.py:840} INFO - DAG(s) 'example_bash_decorator' retrieved from /home/airflow/.local/lib/python3.12/site-packages/airflow/example_dags/example_bash_decorator.py
[2026-04-18T18:45:25.097+0000] {logging_mixin.py:188} INFO - [2026-04-18T18:45:25.096+0000] {dag.py:3096} INFO - Sync 1 DAGs
[2026-04-18T18:45:25.109+0000] {logging_mixin.py:188} INFO - [2026-04-18T18:45:25.109+0000] {dag.py:3954} INFO - Setting next_dagrun for example_bash_decorator to None, run_after=None
[2026-04-18T18:45:25.126+0000] {processor.py:183} INFO - Processing /home/airflow/.local/lib/python3.12/site-packages/airflow/example_dags/example_bash_decorator.py took 0.070 seconds
