[2026-04-18T18:43:52.150+0000] {processor.py:161} INFO - Started process (PID=84) to work on /home/airflow/.local/lib/python3.12/site-packages/airflow/example_dags/example_latest_only_with_trigger.py
[2026-04-18T18:43:52.152+0000] {processor.py:830} INFO - Processing file /home/airflow/.local/lib/python3.12/site-packages/airflow/example_dags/example_latest_only_with_trigger.py for tasks to queue
[2026-04-18T18:43:52.155+0000] {logging_mixin.py:188} INFO - [2026-04-18T18:43:52.154+0000] {dagbag.py:545} INFO - Filling up the DagBag from /home/airflow/.local/lib/python3.12/site-packages/airflow/example_dags/example_latest_only_with_trigger.py
[2026-04-18T18:43:52.170+0000] {processor.py:840} INFO - DAG(s) 'latest_only_with_trigger' retrieved from /home/airflow/.local/lib/python3.12/site-packages/airflow/example_dags/example_latest_only_with_trigger.py
[2026-04-18T18:43:52.186+0000] {logging_mixin.py:188} INFO - [2026-04-18T18:43:52.185+0000] {dag.py:3096} INFO - Sync 1 DAGs
[2026-04-18T18:43:52.216+0000] {logging_mixin.py:188} INFO - [2026-04-18T18:43:52.215+0000] {dag.py:3954} INFO - Setting next_dagrun for latest_only_with_trigger to 2026-04-18 12:00:00+00:00, run_after=2026-04-18 16:00:00+00:00
[2026-04-18T18:43:52.245+0000] {processor.py:183} INFO - Processing /home/airflow/.local/lib/python3.12/site-packages/airflow/example_dags/example_latest_only_with_trigger.py took 0.102 seconds
[2026-04-18T18:44:22.713+0000] {processor.py:161} INFO - Started process (PID=142) to work on /home/airflow/.local/lib/python3.12/site-packages/airflow/example_dags/example_latest_only_with_trigger.py
[2026-04-18T18:44:22.714+0000] {processor.py:830} INFO - Processing file /home/airflow/.local/lib/python3.12/site-packages/airflow/example_dags/example_latest_only_with_trigger.py for tasks to queue
[2026-04-18T18:44:22.716+0000] {logging_mixin.py:188} INFO - [2026-04-18T18:44:22.715+0000] {dagbag.py:545} INFO - Filling up the DagBag from /home/airflow/.local/lib/python3.12/site-packages/airflow/example_dags/example_latest_only_with_trigger.py
[2026-04-18T18:44:22.720+0000] {processor.py:840} INFO - DAG(s) 'latest_only_with_trigger' retrieved from /home/airflow/.local/lib/python3.12/site-packages/airflow/example_dags/example_latest_only_with_trigger.py
[2026-04-18T18:44:22.811+0000] {logging_mixin.py:188} INFO - [2026-04-18T18:44:22.811+0000] {dag.py:3096} INFO - Sync 1 DAGs
[2026-04-18T18:44:22.831+0000] {logging_mixin.py:188} INFO - [2026-04-18T18:44:22.830+0000] {dag.py:3954} INFO - Setting next_dagrun for latest_only_with_trigger to 2026-04-18 12:00:00+00:00, run_after=2026-04-18 16:00:00+00:00
[2026-04-18T18:44:22.849+0000] {processor.py:183} INFO - Processing /home/airflow/.local/lib/python3.12/site-packages/airflow/example_dags/example_latest_only_with_trigger.py took 0.142 seconds
[2026-04-18T18:44:53.621+0000] {processor.py:161} INFO - Started process (PID=200) to work on /home/airflow/.local/lib/python3.12/site-packages/airflow/example_dags/example_latest_only_with_trigger.py
[2026-04-18T18:44:53.622+0000] {processor.py:830} INFO - Processing file /home/airflow/.local/lib/python3.12/site-packages/airflow/example_dags/example_latest_only_with_trigger.py for tasks to queue
[2026-04-18T18:44:53.623+0000] {logging_mixin.py:188} INFO - [2026-04-18T18:44:53.623+0000] {dagbag.py:545} INFO - Filling up the DagBag from /home/airflow/.local/lib/python3.12/site-packages/airflow/example_dags/example_latest_only_with_trigger.py
[2026-04-18T18:44:53.628+0000] {processor.py:840} INFO - DAG(s) 'latest_only_with_trigger' retrieved from /home/airflow/.local/lib/python3.12/site-packages/airflow/example_dags/example_latest_only_with_trigger.py
[2026-04-18T18:44:53.647+0000] {logging_mixin.py:188} INFO - [2026-04-18T18:44:53.647+0000] {dag.py:3096} INFO - Sync 1 DAGs
[2026-04-18T18:44:53.669+0000] {logging_mixin.py:188} INFO - [2026-04-18T18:44:53.669+0000] {dag.py:3954} INFO - Setting next_dagrun for latest_only_with_trigger to 2026-04-18 12:00:00+00:00, run_after=2026-04-18 16:00:00+00:00
[2026-04-18T18:44:53.688+0000] {processor.py:183} INFO - Processing /home/airflow/.local/lib/python3.12/site-packages/airflow/example_dags/example_latest_only_with_trigger.py took 0.072 seconds
[2026-04-18T18:45:23.995+0000] {processor.py:161} INFO - Started process (PID=257) to work on /home/airflow/.local/lib/python3.12/site-packages/airflow/example_dags/example_latest_only_with_trigger.py
[2026-04-18T18:45:23.995+0000] {processor.py:830} INFO - Processing file /home/airflow/.local/lib/python3.12/site-packages/airflow/example_dags/example_latest_only_with_trigger.py for tasks to queue
[2026-04-18T18:45:23.997+0000] {logging_mixin.py:188} INFO - [2026-04-18T18:45:23.997+0000] {dagbag.py:545} INFO - Filling up the DagBag from /home/airflow/.local/lib/python3.12/site-packages/airflow/example_dags/example_latest_only_with_trigger.py
[2026-04-18T18:45:24.002+0000] {processor.py:840} INFO - DAG(s) 'latest_only_with_trigger' retrieved from /home/airflow/.local/lib/python3.12/site-packages/airflow/example_dags/example_latest_only_with_trigger.py
[2026-04-18T18:45:24.023+0000] {logging_mixin.py:188} INFO - [2026-04-18T18:45:24.022+0000] {dag.py:3096} INFO - Sync 1 DAGs
[2026-04-18T18:45:24.046+0000] {logging_mixin.py:188} INFO - [2026-04-18T18:45:24.046+0000] {dag.py:3954} INFO - Setting next_dagrun for latest_only_with_trigger to 2026-04-18 12:00:00+00:00, run_after=2026-04-18 16:00:00+00:00
[2026-04-18T18:45:24.069+0000] {processor.py:183} INFO - Processing /home/airflow/.local/lib/python3.12/site-packages/airflow/example_dags/example_latest_only_with_trigger.py took 0.080 seconds
