[2026-04-18T18:43:51.184+0000] {processor.py:161} INFO - Started process (PID=70) to work on /home/airflow/.local/lib/python3.12/site-packages/airflow/example_dags/example_sensors.py
[2026-04-18T18:43:51.185+0000] {processor.py:830} INFO - Processing file /home/airflow/.local/lib/python3.12/site-packages/airflow/example_dags/example_sensors.py for tasks to queue
[2026-04-18T18:43:51.186+0000] {logging_mixin.py:188} INFO - [2026-04-18T18:43:51.186+0000] {dagbag.py:545} INFO - Filling up the DagBag from /home/airflow/.local/lib/python3.12/site-packages/airflow/example_dags/example_sensors.py
[2026-04-18T18:43:51.198+0000] {processor.py:840} INFO - DAG(s) 'example_sensors' retrieved from /home/airflow/.local/lib/python3.12/site-packages/airflow/example_dags/example_sensors.py
[2026-04-18T18:43:51.214+0000] {logging_mixin.py:188} INFO - [2026-04-18T18:43:51.214+0000] {dag.py:3096} INFO - Sync 1 DAGs
[2026-04-18T18:43:51.235+0000] {logging_mixin.py:188} INFO - [2026-04-18T18:43:51.235+0000] {dag.py:3954} INFO - Setting next_dagrun for example_sensors to None, run_after=None
[2026-04-18T18:43:51.265+0000] {processor.py:183} INFO - Processing /home/airflow/.local/lib/python3.12/site-packages/airflow/example_dags/example_sensors.py took 0.087 seconds
[2026-04-18T18:44:21.480+0000] {processor.py:161} INFO - Started process (PID=128) to work on /home/airflow/.local/lib/python3.12/site-packages/airflow/example_dags/example_sensors.py
[2026-04-18T18:44:21.480+0000] {processor.py:830} INFO - Processing file /home/airflow/.local/lib/python3.12/site-packages/airflow/example_dags/example_sensors.py for tasks to queue
[2026-04-18T18:44:21.482+0000] {logging_mixin.py:188} INFO - [2026-04-18T18:44:21.482+0000] {dagbag.py:545} INFO - Filling up the DagBag from /home/airflow/.local/lib/python3.12/site-packages/airflow/example_dags/example_sensors.py
[2026-04-18T18:44:21.489+0000] {processor.py:840} INFO - DAG(s) 'example_sensors' retrieved from /home/airflow/.local/lib/python3.12/site-packages/airflow/example_dags/example_sensors.py
[2026-04-18T18:44:21.597+0000] {logging_mixin.py:188} INFO - [2026-04-18T18:44:21.597+0000] {dag.py:3096} INFO - Sync 1 DAGs
[2026-04-18T18:44:21.607+0000] {logging_mixin.py:188} INFO - [2026-04-18T18:44:21.607+0000] {dag.py:3954} INFO - Setting next_dagrun for example_sensors to None, run_after=None
[2026-04-18T18:44:21.626+0000] {processor.py:183} INFO - Processing /home/airflow/.local/lib/python3.12/site-packages/airflow/example_dags/example_sensors.py took 0.151 seconds
[2026-04-18T18:44:51.834+0000] {processor.py:161} INFO - Started process (PID=186) to work on /home/airflow/.local/lib/python3.12/site-packages/airflow/example_dags/example_sensors.py
[2026-04-18T18:44:51.835+0000] {processor.py:830} INFO - Processing file /home/airflow/.local/lib/python3.12/site-packages/airflow/example_dags/example_sensors.py for tasks to queue
[2026-04-18T18:44:51.837+0000] {logging_mixin.py:188} INFO - [2026-04-18T18:44:51.837+0000] {dagbag.py:545} INFO - Filling up the DagBag from /home/airflow/.local/lib/python3.12/site-packages/airflow/example_dags/example_sensors.py
[2026-04-18T18:44:51.846+0000] {processor.py:840} INFO - DAG(s) 'example_sensors' retrieved from /home/airflow/.local/lib/python3.12/site-packages/airflow/example_dags/example_sensors.py
[2026-04-18T18:44:51.874+0000] {logging_mixin.py:188} INFO - [2026-04-18T18:44:51.874+0000] {dag.py:3096} INFO - Sync 1 DAGs
[2026-04-18T18:44:51.893+0000] {logging_mixin.py:188} INFO - [2026-04-18T18:44:51.892+0000] {dag.py:3954} INFO - Setting next_dagrun for example_sensors to None, run_after=None
[2026-04-18T18:44:51.924+0000] {processor.py:183} INFO - Processing /home/airflow/.local/lib/python3.12/site-packages/airflow/example_dags/example_sensors.py took 0.096 seconds
[2026-04-18T18:45:22.353+0000] {processor.py:161} INFO - Started process (PID=244) to work on /home/airflow/.local/lib/python3.12/site-packages/airflow/example_dags/example_sensors.py
[2026-04-18T18:45:22.354+0000] {processor.py:830} INFO - Processing file /home/airflow/.local/lib/python3.12/site-packages/airflow/example_dags/example_sensors.py for tasks to queue
[2026-04-18T18:45:22.356+0000] {logging_mixin.py:188} INFO - [2026-04-18T18:45:22.356+0000] {dagbag.py:545} INFO - Filling up the DagBag from /home/airflow/.local/lib/python3.12/site-packages/airflow/example_dags/example_sensors.py
[2026-04-18T18:45:22.364+0000] {processor.py:840} INFO - DAG(s) 'example_sensors' retrieved from /home/airflow/.local/lib/python3.12/site-packages/airflow/example_dags/example_sensors.py
[2026-04-18T18:45:22.390+0000] {logging_mixin.py:188} INFO - [2026-04-18T18:45:22.390+0000] {dag.py:3096} INFO - Sync 1 DAGs
[2026-04-18T18:45:22.402+0000] {logging_mixin.py:188} INFO - [2026-04-18T18:45:22.402+0000] {dag.py:3954} INFO - Setting next_dagrun for example_sensors to None, run_after=None
[2026-04-18T18:45:22.422+0000] {processor.py:183} INFO - Processing /home/airflow/.local/lib/python3.12/site-packages/airflow/example_dags/example_sensors.py took 0.074 seconds
