[2026-04-18T18:43:51.684+0000] {processor.py:161} INFO - Started process (PID=77) to work on /home/airflow/.local/lib/python3.12/site-packages/airflow/example_dags/example_short_circuit_operator.py
[2026-04-18T18:43:51.685+0000] {processor.py:830} INFO - Processing file /home/airflow/.local/lib/python3.12/site-packages/airflow/example_dags/example_short_circuit_operator.py for tasks to queue
[2026-04-18T18:43:51.686+0000] {logging_mixin.py:188} INFO - [2026-04-18T18:43:51.686+0000] {dagbag.py:545} INFO - Filling up the DagBag from /home/airflow/.local/lib/python3.12/site-packages/airflow/example_dags/example_short_circuit_operator.py
[2026-04-18T18:43:51.697+0000] {processor.py:840} INFO - DAG(s) 'example_short_circuit_operator' retrieved from /home/airflow/.local/lib/python3.12/site-packages/airflow/example_dags/example_short_circuit_operator.py
[2026-04-18T18:43:51.709+0000] {logging_mixin.py:188} INFO - [2026-04-18T18:43:51.708+0000] {dag.py:3096} INFO - Sync 1 DAGs
[2026-04-18T18:43:51.731+0000] {logging_mixin.py:188} INFO - [2026-04-18T18:43:51.731+0000] {dag.py:3954} INFO - Setting next_dagrun for example_short_circuit_operator to 2026-04-17 00:00:00+00:00, run_after=2026-04-18 00:00:00+00:00
[2026-04-18T18:43:51.750+0000] {processor.py:183} INFO - Processing /home/airflow/.local/lib/python3.12/site-packages/airflow/example_dags/example_short_circuit_operator.py took 0.072 seconds
[2026-04-18T18:44:22.013+0000] {processor.py:161} INFO - Started process (PID=135) to work on /home/airflow/.local/lib/python3.12/site-packages/airflow/example_dags/example_short_circuit_operator.py
[2026-04-18T18:44:22.014+0000] {processor.py:830} INFO - Processing file /home/airflow/.local/lib/python3.12/site-packages/airflow/example_dags/example_short_circuit_operator.py for tasks to queue
[2026-04-18T18:44:22.015+0000] {logging_mixin.py:188} INFO - [2026-04-18T18:44:22.015+0000] {dagbag.py:545} INFO - Filling up the DagBag from /home/airflow/.local/lib/python3.12/site-packages/airflow/example_dags/example_short_circuit_operator.py
[2026-04-18T18:44:22.022+0000] {processor.py:840} INFO - DAG(s) 'example_short_circuit_operator' retrieved from /home/airflow/.local/lib/python3.12/site-packages/airflow/example_dags/example_short_circuit_operator.py
[2026-04-18T18:44:22.119+0000] {logging_mixin.py:188} INFO - [2026-04-18T18:44:22.119+0000] {dag.py:3096} INFO - Sync 1 DAGs
[2026-04-18T18:44:22.138+0000] {logging_mixin.py:188} INFO - [2026-04-18T18:44:22.137+0000] {dag.py:3954} INFO - Setting next_dagrun for example_short_circuit_operator to 2026-04-17 00:00:00+00:00, run_after=2026-04-18 00:00:00+00:00
[2026-04-18T18:44:22.158+0000] {processor.py:183} INFO - Processing /home/airflow/.local/lib/python3.12/site-packages/airflow/example_dags/example_short_circuit_operator.py took 0.150 seconds
[2026-04-18T18:44:52.258+0000] {processor.py:161} INFO - Started process (PID=193) to work on /home/airflow/.local/lib/python3.12/site-packages/airflow/example_dags/example_short_circuit_operator.py
[2026-04-18T18:44:52.259+0000] {processor.py:830} INFO - Processing file /home/airflow/.local/lib/python3.12/site-packages/airflow/example_dags/example_short_circuit_operator.py for tasks to queue
[2026-04-18T18:44:52.261+0000] {logging_mixin.py:188} INFO - [2026-04-18T18:44:52.261+0000] {dagbag.py:545} INFO - Filling up the DagBag from /home/airflow/.local/lib/python3.12/site-packages/airflow/example_dags/example_short_circuit_operator.py
[2026-04-18T18:44:52.269+0000] {processor.py:840} INFO - DAG(s) 'example_short_circuit_operator' retrieved from /home/airflow/.local/lib/python3.12/site-packages/airflow/example_dags/example_short_circuit_operator.py
[2026-04-18T18:44:52.297+0000] {logging_mixin.py:188} INFO - [2026-04-18T18:44:52.297+0000] {dag.py:3096} INFO - Sync 1 DAGs
[2026-04-18T18:44:52.329+0000] {logging_mixin.py:188} INFO - [2026-04-18T18:44:52.329+0000] {dag.py:3954} INFO - Setting next_dagrun for example_short_circuit_operator to 2026-04-17 00:00:00+00:00, run_after=2026-04-18 00:00:00+00:00
[2026-04-18T18:44:52.354+0000] {processor.py:183} INFO - Processing /home/airflow/.local/lib/python3.12/site-packages/airflow/example_dags/example_short_circuit_operator.py took 0.105 seconds
[2026-04-18T18:45:22.669+0000] {processor.py:161} INFO - Started process (PID=251) to work on /home/airflow/.local/lib/python3.12/site-packages/airflow/example_dags/example_short_circuit_operator.py
[2026-04-18T18:45:22.670+0000] {processor.py:830} INFO - Processing file /home/airflow/.local/lib/python3.12/site-packages/airflow/example_dags/example_short_circuit_operator.py for tasks to queue
[2026-04-18T18:45:22.672+0000] {logging_mixin.py:188} INFO - [2026-04-18T18:45:22.672+0000] {dagbag.py:545} INFO - Filling up the DagBag from /home/airflow/.local/lib/python3.12/site-packages/airflow/example_dags/example_short_circuit_operator.py
[2026-04-18T18:45:22.678+0000] {processor.py:840} INFO - DAG(s) 'example_short_circuit_operator' retrieved from /home/airflow/.local/lib/python3.12/site-packages/airflow/example_dags/example_short_circuit_operator.py
[2026-04-18T18:45:22.701+0000] {logging_mixin.py:188} INFO - [2026-04-18T18:45:22.700+0000] {dag.py:3096} INFO - Sync 1 DAGs
[2026-04-18T18:45:22.720+0000] {logging_mixin.py:188} INFO - [2026-04-18T18:45:22.720+0000] {dag.py:3954} INFO - Setting next_dagrun for example_short_circuit_operator to 2026-04-17 00:00:00+00:00, run_after=2026-04-18 00:00:00+00:00
[2026-04-18T18:45:22.737+0000] {processor.py:183} INFO - Processing /home/airflow/.local/lib/python3.12/site-packages/airflow/example_dags/example_short_circuit_operator.py took 0.072 seconds
