[2026-04-18T18:43:52.288+0000] {processor.py:161} INFO - Started process (PID=85) to work on /home/airflow/.local/lib/python3.12/site-packages/airflow/example_dags/example_branch_operator_decorator.py
[2026-04-18T18:43:52.289+0000] {processor.py:830} INFO - Processing file /home/airflow/.local/lib/python3.12/site-packages/airflow/example_dags/example_branch_operator_decorator.py for tasks to queue
[2026-04-18T18:43:52.292+0000] {logging_mixin.py:188} INFO - [2026-04-18T18:43:52.291+0000] {dagbag.py:545} INFO - Filling up the DagBag from /home/airflow/.local/lib/python3.12/site-packages/airflow/example_dags/example_branch_operator_decorator.py
[2026-04-18T18:43:52.323+0000] {processor.py:840} INFO - DAG(s) 'example_branch_python_operator_decorator' retrieved from /home/airflow/.local/lib/python3.12/site-packages/airflow/example_dags/example_branch_operator_decorator.py
[2026-04-18T18:43:52.342+0000] {logging_mixin.py:188} INFO - [2026-04-18T18:43:52.342+0000] {dag.py:3096} INFO - Sync 1 DAGs
[2026-04-18T18:43:52.379+0000] {logging_mixin.py:188} INFO - [2026-04-18T18:43:52.378+0000] {dag.py:3954} INFO - Setting next_dagrun for example_branch_python_operator_decorator to 2026-04-17 00:00:00+00:00, run_after=2026-04-18 00:00:00+00:00
[2026-04-18T18:43:52.407+0000] {processor.py:183} INFO - Processing /home/airflow/.local/lib/python3.12/site-packages/airflow/example_dags/example_branch_operator_decorator.py took 0.128 seconds
[2026-04-18T18:44:22.879+0000] {processor.py:161} INFO - Started process (PID=143) to work on /home/airflow/.local/lib/python3.12/site-packages/airflow/example_dags/example_branch_operator_decorator.py
[2026-04-18T18:44:22.880+0000] {processor.py:830} INFO - Processing file /home/airflow/.local/lib/python3.12/site-packages/airflow/example_dags/example_branch_operator_decorator.py for tasks to queue
[2026-04-18T18:44:22.882+0000] {logging_mixin.py:188} INFO - [2026-04-18T18:44:22.881+0000] {dagbag.py:545} INFO - Filling up the DagBag from /home/airflow/.local/lib/python3.12/site-packages/airflow/example_dags/example_branch_operator_decorator.py
[2026-04-18T18:44:22.900+0000] {processor.py:840} INFO - DAG(s) 'example_branch_python_operator_decorator' retrieved from /home/airflow/.local/lib/python3.12/site-packages/airflow/example_dags/example_branch_operator_decorator.py
[2026-04-18T18:44:22.998+0000] {logging_mixin.py:188} INFO - [2026-04-18T18:44:22.998+0000] {dag.py:3096} INFO - Sync 1 DAGs
[2026-04-18T18:44:23.017+0000] {logging_mixin.py:188} INFO - [2026-04-18T18:44:23.017+0000] {dag.py:3954} INFO - Setting next_dagrun for example_branch_python_operator_decorator to 2026-04-17 00:00:00+00:00, run_after=2026-04-18 00:00:00+00:00
[2026-04-18T18:44:23.034+0000] {processor.py:183} INFO - Processing /home/airflow/.local/lib/python3.12/site-packages/airflow/example_dags/example_branch_operator_decorator.py took 0.161 seconds
[2026-04-18T18:44:53.716+0000] {processor.py:161} INFO - Started process (PID=201) to work on /home/airflow/.local/lib/python3.12/site-packages/airflow/example_dags/example_branch_operator_decorator.py
[2026-04-18T18:44:53.717+0000] {processor.py:830} INFO - Processing file /home/airflow/.local/lib/python3.12/site-packages/airflow/example_dags/example_branch_operator_decorator.py for tasks to queue
[2026-04-18T18:44:53.719+0000] {logging_mixin.py:188} INFO - [2026-04-18T18:44:53.719+0000] {dagbag.py:545} INFO - Filling up the DagBag from /home/airflow/.local/lib/python3.12/site-packages/airflow/example_dags/example_branch_operator_decorator.py
[2026-04-18T18:44:53.736+0000] {processor.py:840} INFO - DAG(s) 'example_branch_python_operator_decorator' retrieved from /home/airflow/.local/lib/python3.12/site-packages/airflow/example_dags/example_branch_operator_decorator.py
[2026-04-18T18:44:53.762+0000] {logging_mixin.py:188} INFO - [2026-04-18T18:44:53.762+0000] {dag.py:3096} INFO - Sync 1 DAGs
[2026-04-18T18:44:53.783+0000] {logging_mixin.py:188} INFO - [2026-04-18T18:44:53.783+0000] {dag.py:3954} INFO - Setting next_dagrun for example_branch_python_operator_decorator to 2026-04-17 00:00:00+00:00, run_after=2026-04-18 00:00:00+00:00
[2026-04-18T18:44:53.799+0000] {processor.py:183} INFO - Processing /home/airflow/.local/lib/python3.12/site-packages/airflow/example_dags/example_branch_operator_decorator.py took 0.088 seconds
[2026-04-18T18:45:24.103+0000] {processor.py:161} INFO - Started process (PID=259) to work on /home/airflow/.local/lib/python3.12/site-packages/airflow/example_dags/example_branch_operator_decorator.py
[2026-04-18T18:45:24.104+0000] {processor.py:830} INFO - Processing file /home/airflow/.local/lib/python3.12/site-packages/airflow/example_dags/example_branch_operator_decorator.py for tasks to queue
[2026-04-18T18:45:24.105+0000] {logging_mixin.py:188} INFO - [2026-04-18T18:45:24.105+0000] {dagbag.py:545} INFO - Filling up the DagBag from /home/airflow/.local/lib/python3.12/site-packages/airflow/example_dags/example_branch_operator_decorator.py
[2026-04-18T18:45:24.124+0000] {processor.py:840} INFO - DAG(s) 'example_branch_python_operator_decorator' retrieved from /home/airflow/.local/lib/python3.12/site-packages/airflow/example_dags/example_branch_operator_decorator.py
[2026-04-18T18:45:24.153+0000] {logging_mixin.py:188} INFO - [2026-04-18T18:45:24.152+0000] {dag.py:3096} INFO - Sync 1 DAGs
[2026-04-18T18:45:24.180+0000] {logging_mixin.py:188} INFO - [2026-04-18T18:45:24.180+0000] {dag.py:3954} INFO - Setting next_dagrun for example_branch_python_operator_decorator to 2026-04-17 00:00:00+00:00, run_after=2026-04-18 00:00:00+00:00
[2026-04-18T18:45:24.201+0000] {processor.py:183} INFO - Processing /home/airflow/.local/lib/python3.12/site-packages/airflow/example_dags/example_branch_operator_decorator.py took 0.104 seconds
