[2026-04-18T18:43:53.615+0000] {processor.py:161} INFO - Started process (PID=105) to work on /home/airflow/.local/lib/python3.12/site-packages/airflow/example_dags/example_xcomargs.py
[2026-04-18T18:43:53.616+0000] {processor.py:830} INFO - Processing file /home/airflow/.local/lib/python3.12/site-packages/airflow/example_dags/example_xcomargs.py for tasks to queue
[2026-04-18T18:43:53.619+0000] {logging_mixin.py:188} INFO - [2026-04-18T18:43:53.618+0000] {dagbag.py:545} INFO - Filling up the DagBag from /home/airflow/.local/lib/python3.12/site-packages/airflow/example_dags/example_xcomargs.py
[2026-04-18T18:43:53.630+0000] {processor.py:840} INFO - DAG(s) 'example_xcom_args_with_operators', 'example_xcom_args' retrieved from /home/airflow/.local/lib/python3.12/site-packages/airflow/example_dags/example_xcomargs.py
[2026-04-18T18:43:53.645+0000] {logging_mixin.py:188} INFO - [2026-04-18T18:43:53.645+0000] {dag.py:3096} INFO - Sync 2 DAGs
[2026-04-18T18:43:53.660+0000] {logging_mixin.py:188} INFO - [2026-04-18T18:43:53.659+0000] {dag.py:3954} INFO - Setting next_dagrun for example_xcom_args to None, run_after=None
[2026-04-18T18:43:53.665+0000] {logging_mixin.py:188} INFO - [2026-04-18T18:43:53.665+0000] {dag.py:3954} INFO - Setting next_dagrun for example_xcom_args_with_operators to None, run_after=None
[2026-04-18T18:43:53.683+0000] {processor.py:183} INFO - Processing /home/airflow/.local/lib/python3.12/site-packages/airflow/example_dags/example_xcomargs.py took 0.074 seconds
[2026-04-18T18:44:24.710+0000] {processor.py:161} INFO - Started process (PID=163) to work on /home/airflow/.local/lib/python3.12/site-packages/airflow/example_dags/example_xcomargs.py
[2026-04-18T18:44:24.710+0000] {processor.py:830} INFO - Processing file /home/airflow/.local/lib/python3.12/site-packages/airflow/example_dags/example_xcomargs.py for tasks to queue
[2026-04-18T18:44:24.712+0000] {logging_mixin.py:188} INFO - [2026-04-18T18:44:24.712+0000] {dagbag.py:545} INFO - Filling up the DagBag from /home/airflow/.local/lib/python3.12/site-packages/airflow/example_dags/example_xcomargs.py
[2026-04-18T18:44:24.719+0000] {processor.py:840} INFO - DAG(s) 'example_xcom_args_with_operators', 'example_xcom_args' retrieved from /home/airflow/.local/lib/python3.12/site-packages/airflow/example_dags/example_xcomargs.py
[2026-04-18T18:44:24.821+0000] {logging_mixin.py:188} INFO - [2026-04-18T18:44:24.821+0000] {dag.py:3096} INFO - Sync 2 DAGs
[2026-04-18T18:44:24.831+0000] {logging_mixin.py:188} INFO - [2026-04-18T18:44:24.831+0000] {dag.py:3954} INFO - Setting next_dagrun for example_xcom_args to None, run_after=None
[2026-04-18T18:44:24.834+0000] {logging_mixin.py:188} INFO - [2026-04-18T18:44:24.834+0000] {dag.py:3954} INFO - Setting next_dagrun for example_xcom_args_with_operators to None, run_after=None
[2026-04-18T18:44:24.850+0000] {processor.py:183} INFO - Processing /home/airflow/.local/lib/python3.12/site-packages/airflow/example_dags/example_xcomargs.py took 0.145 seconds
[2026-04-18T18:44:54.881+0000] {processor.py:161} INFO - Started process (PID=221) to work on /home/airflow/.local/lib/python3.12/site-packages/airflow/example_dags/example_xcomargs.py
[2026-04-18T18:44:54.882+0000] {processor.py:830} INFO - Processing file /home/airflow/.local/lib/python3.12/site-packages/airflow/example_dags/example_xcomargs.py for tasks to queue
[2026-04-18T18:44:54.884+0000] {logging_mixin.py:188} INFO - [2026-04-18T18:44:54.884+0000] {dagbag.py:545} INFO - Filling up the DagBag from /home/airflow/.local/lib/python3.12/site-packages/airflow/example_dags/example_xcomargs.py
[2026-04-18T18:44:54.891+0000] {processor.py:840} INFO - DAG(s) 'example_xcom_args', 'example_xcom_args_with_operators' retrieved from /home/airflow/.local/lib/python3.12/site-packages/airflow/example_dags/example_xcomargs.py
[2026-04-18T18:44:54.915+0000] {logging_mixin.py:188} INFO - [2026-04-18T18:44:54.915+0000] {dag.py:3096} INFO - Sync 2 DAGs
[2026-04-18T18:44:54.930+0000] {logging_mixin.py:188} INFO - [2026-04-18T18:44:54.930+0000] {dag.py:3954} INFO - Setting next_dagrun for example_xcom_args to None, run_after=None
[2026-04-18T18:44:54.934+0000] {logging_mixin.py:188} INFO - [2026-04-18T18:44:54.934+0000] {dag.py:3954} INFO - Setting next_dagrun for example_xcom_args_with_operators to None, run_after=None
[2026-04-18T18:44:54.954+0000] {processor.py:183} INFO - Processing /home/airflow/.local/lib/python3.12/site-packages/airflow/example_dags/example_xcomargs.py took 0.079 seconds
[2026-04-18T18:45:25.195+0000] {processor.py:161} INFO - Started process (PID=279) to work on /home/airflow/.local/lib/python3.12/site-packages/airflow/example_dags/example_xcomargs.py
[2026-04-18T18:45:25.196+0000] {processor.py:830} INFO - Processing file /home/airflow/.local/lib/python3.12/site-packages/airflow/example_dags/example_xcomargs.py for tasks to queue
[2026-04-18T18:45:25.198+0000] {logging_mixin.py:188} INFO - [2026-04-18T18:45:25.198+0000] {dagbag.py:545} INFO - Filling up the DagBag from /home/airflow/.local/lib/python3.12/site-packages/airflow/example_dags/example_xcomargs.py
[2026-04-18T18:45:25.204+0000] {processor.py:840} INFO - DAG(s) 'example_xcom_args_with_operators', 'example_xcom_args' retrieved from /home/airflow/.local/lib/python3.12/site-packages/airflow/example_dags/example_xcomargs.py
[2026-04-18T18:45:25.229+0000] {logging_mixin.py:188} INFO - [2026-04-18T18:45:25.228+0000] {dag.py:3096} INFO - Sync 2 DAGs
[2026-04-18T18:45:25.242+0000] {logging_mixin.py:188} INFO - [2026-04-18T18:45:25.241+0000] {dag.py:3954} INFO - Setting next_dagrun for example_xcom_args to None, run_after=None
[2026-04-18T18:45:25.245+0000] {logging_mixin.py:188} INFO - [2026-04-18T18:45:25.245+0000] {dag.py:3954} INFO - Setting next_dagrun for example_xcom_args_with_operators to None, run_after=None
[2026-04-18T18:45:25.261+0000] {processor.py:183} INFO - Processing /home/airflow/.local/lib/python3.12/site-packages/airflow/example_dags/example_xcomargs.py took 0.070 seconds
