[2026-04-18T18:43:51.561+0000] {processor.py:161} INFO - Started process (PID=75) to work on /home/airflow/.local/lib/python3.12/site-packages/airflow/example_dags/example_latest_only.py
[2026-04-18T18:43:51.562+0000] {processor.py:830} INFO - Processing file /home/airflow/.local/lib/python3.12/site-packages/airflow/example_dags/example_latest_only.py for tasks to queue
[2026-04-18T18:43:51.563+0000] {logging_mixin.py:188} INFO - [2026-04-18T18:43:51.563+0000] {dagbag.py:545} INFO - Filling up the DagBag from /home/airflow/.local/lib/python3.12/site-packages/airflow/example_dags/example_latest_only.py
[2026-04-18T18:43:51.573+0000] {processor.py:840} INFO - DAG(s) 'latest_only' retrieved from /home/airflow/.local/lib/python3.12/site-packages/airflow/example_dags/example_latest_only.py
[2026-04-18T18:43:51.590+0000] {logging_mixin.py:188} INFO - [2026-04-18T18:43:51.589+0000] {dag.py:3096} INFO - Sync 1 DAGs
[2026-04-18T18:43:51.619+0000] {logging_mixin.py:188} INFO - [2026-04-18T18:43:51.618+0000] {dag.py:3954} INFO - Setting next_dagrun for latest_only to 2026-04-18 12:00:00+00:00, run_after=2026-04-18 16:00:00+00:00
[2026-04-18T18:43:51.642+0000] {processor.py:183} INFO - Processing /home/airflow/.local/lib/python3.12/site-packages/airflow/example_dags/example_latest_only.py took 0.087 seconds
[2026-04-18T18:44:21.843+0000] {processor.py:161} INFO - Started process (PID=133) to work on /home/airflow/.local/lib/python3.12/site-packages/airflow/example_dags/example_latest_only.py
[2026-04-18T18:44:21.844+0000] {processor.py:830} INFO - Processing file /home/airflow/.local/lib/python3.12/site-packages/airflow/example_dags/example_latest_only.py for tasks to queue
[2026-04-18T18:44:21.845+0000] {logging_mixin.py:188} INFO - [2026-04-18T18:44:21.845+0000] {dagbag.py:545} INFO - Filling up the DagBag from /home/airflow/.local/lib/python3.12/site-packages/airflow/example_dags/example_latest_only.py
[2026-04-18T18:44:21.849+0000] {processor.py:840} INFO - DAG(s) 'latest_only' retrieved from /home/airflow/.local/lib/python3.12/site-packages/airflow/example_dags/example_latest_only.py
[2026-04-18T18:44:21.943+0000] {logging_mixin.py:188} INFO - [2026-04-18T18:44:21.942+0000] {dag.py:3096} INFO - Sync 1 DAGs
[2026-04-18T18:44:21.962+0000] {logging_mixin.py:188} INFO - [2026-04-18T18:44:21.961+0000] {dag.py:3954} INFO - Setting next_dagrun for latest_only to 2026-04-18 12:00:00+00:00, run_after=2026-04-18 16:00:00+00:00
[2026-04-18T18:44:21.982+0000] {processor.py:183} INFO - Processing /home/airflow/.local/lib/python3.12/site-packages/airflow/example_dags/example_latest_only.py took 0.145 seconds
[2026-04-18T18:44:52.136+0000] {processor.py:161} INFO - Started process (PID=191) to work on /home/airflow/.local/lib/python3.12/site-packages/airflow/example_dags/example_latest_only.py
[2026-04-18T18:44:52.137+0000] {processor.py:830} INFO - Processing file /home/airflow/.local/lib/python3.12/site-packages/airflow/example_dags/example_latest_only.py for tasks to queue
[2026-04-18T18:44:52.139+0000] {logging_mixin.py:188} INFO - [2026-04-18T18:44:52.138+0000] {dagbag.py:545} INFO - Filling up the DagBag from /home/airflow/.local/lib/python3.12/site-packages/airflow/example_dags/example_latest_only.py
[2026-04-18T18:44:52.144+0000] {processor.py:840} INFO - DAG(s) 'latest_only' retrieved from /home/airflow/.local/lib/python3.12/site-packages/airflow/example_dags/example_latest_only.py
[2026-04-18T18:44:52.167+0000] {logging_mixin.py:188} INFO - [2026-04-18T18:44:52.166+0000] {dag.py:3096} INFO - Sync 1 DAGs
[2026-04-18T18:44:52.195+0000] {logging_mixin.py:188} INFO - [2026-04-18T18:44:52.194+0000] {dag.py:3954} INFO - Setting next_dagrun for latest_only to 2026-04-18 12:00:00+00:00, run_after=2026-04-18 16:00:00+00:00
[2026-04-18T18:44:52.220+0000] {processor.py:183} INFO - Processing /home/airflow/.local/lib/python3.12/site-packages/airflow/example_dags/example_latest_only.py took 0.090 seconds
[2026-04-18T18:45:22.574+0000] {processor.py:161} INFO - Started process (PID=249) to work on /home/airflow/.local/lib/python3.12/site-packages/airflow/example_dags/example_latest_only.py
[2026-04-18T18:45:22.575+0000] {processor.py:830} INFO - Processing file /home/airflow/.local/lib/python3.12/site-packages/airflow/example_dags/example_latest_only.py for tasks to queue
[2026-04-18T18:45:22.577+0000] {logging_mixin.py:188} INFO - [2026-04-18T18:45:22.577+0000] {dagbag.py:545} INFO - Filling up the DagBag from /home/airflow/.local/lib/python3.12/site-packages/airflow/example_dags/example_latest_only.py
[2026-04-18T18:45:22.581+0000] {processor.py:840} INFO - DAG(s) 'latest_only' retrieved from /home/airflow/.local/lib/python3.12/site-packages/airflow/example_dags/example_latest_only.py
[2026-04-18T18:45:22.600+0000] {logging_mixin.py:188} INFO - [2026-04-18T18:45:22.599+0000] {dag.py:3096} INFO - Sync 1 DAGs
[2026-04-18T18:45:22.620+0000] {logging_mixin.py:188} INFO - [2026-04-18T18:45:22.620+0000] {dag.py:3954} INFO - Setting next_dagrun for latest_only to 2026-04-18 12:00:00+00:00, run_after=2026-04-18 16:00:00+00:00
[2026-04-18T18:45:22.639+0000] {processor.py:183} INFO - Processing /home/airflow/.local/lib/python3.12/site-packages/airflow/example_dags/example_latest_only.py took 0.069 seconds
