[2026-04-18T18:43:51.320+0000] {processor.py:161} INFO - Started process (PID=73) to work on /home/airflow/.local/lib/python3.12/site-packages/airflow/example_dags/example_task_group.py
[2026-04-18T18:43:51.321+0000] {processor.py:830} INFO - Processing file /home/airflow/.local/lib/python3.12/site-packages/airflow/example_dags/example_task_group.py for tasks to queue
[2026-04-18T18:43:51.323+0000] {logging_mixin.py:188} INFO - [2026-04-18T18:43:51.323+0000] {dagbag.py:545} INFO - Filling up the DagBag from /home/airflow/.local/lib/python3.12/site-packages/airflow/example_dags/example_task_group.py
[2026-04-18T18:43:51.332+0000] {processor.py:840} INFO - DAG(s) 'example_task_group' retrieved from /home/airflow/.local/lib/python3.12/site-packages/airflow/example_dags/example_task_group.py
[2026-04-18T18:43:51.347+0000] {logging_mixin.py:188} INFO - [2026-04-18T18:43:51.347+0000] {dag.py:3096} INFO - Sync 1 DAGs
[2026-04-18T18:43:51.373+0000] {logging_mixin.py:188} INFO - [2026-04-18T18:43:51.373+0000] {dag.py:3954} INFO - Setting next_dagrun for example_task_group to 2026-04-17 00:00:00+00:00, run_after=2026-04-18 00:00:00+00:00
[2026-04-18T18:43:51.395+0000] {processor.py:183} INFO - Processing /home/airflow/.local/lib/python3.12/site-packages/airflow/example_dags/example_task_group.py took 0.080 seconds
[2026-04-18T18:44:21.676+0000] {processor.py:161} INFO - Started process (PID=131) to work on /home/airflow/.local/lib/python3.12/site-packages/airflow/example_dags/example_task_group.py
[2026-04-18T18:44:21.677+0000] {processor.py:830} INFO - Processing file /home/airflow/.local/lib/python3.12/site-packages/airflow/example_dags/example_task_group.py for tasks to queue
[2026-04-18T18:44:21.678+0000] {logging_mixin.py:188} INFO - [2026-04-18T18:44:21.678+0000] {dagbag.py:545} INFO - Filling up the DagBag from /home/airflow/.local/lib/python3.12/site-packages/airflow/example_dags/example_task_group.py
[2026-04-18T18:44:21.684+0000] {processor.py:840} INFO - DAG(s) 'example_task_group' retrieved from /home/airflow/.local/lib/python3.12/site-packages/airflow/example_dags/example_task_group.py
[2026-04-18T18:44:21.775+0000] {logging_mixin.py:188} INFO - [2026-04-18T18:44:21.774+0000] {dag.py:3096} INFO - Sync 1 DAGs
[2026-04-18T18:44:21.793+0000] {logging_mixin.py:188} INFO - [2026-04-18T18:44:21.792+0000] {dag.py:3954} INFO - Setting next_dagrun for example_task_group to 2026-04-17 00:00:00+00:00, run_after=2026-04-18 00:00:00+00:00
[2026-04-18T18:44:21.813+0000] {processor.py:183} INFO - Processing /home/airflow/.local/lib/python3.12/site-packages/airflow/example_dags/example_task_group.py took 0.142 seconds
[2026-04-18T18:44:52.009+0000] {processor.py:161} INFO - Started process (PID=189) to work on /home/airflow/.local/lib/python3.12/site-packages/airflow/example_dags/example_task_group.py
[2026-04-18T18:44:52.011+0000] {processor.py:830} INFO - Processing file /home/airflow/.local/lib/python3.12/site-packages/airflow/example_dags/example_task_group.py for tasks to queue
[2026-04-18T18:44:52.012+0000] {logging_mixin.py:188} INFO - [2026-04-18T18:44:52.012+0000] {dagbag.py:545} INFO - Filling up the DagBag from /home/airflow/.local/lib/python3.12/site-packages/airflow/example_dags/example_task_group.py
[2026-04-18T18:44:52.020+0000] {processor.py:840} INFO - DAG(s) 'example_task_group' retrieved from /home/airflow/.local/lib/python3.12/site-packages/airflow/example_dags/example_task_group.py
[2026-04-18T18:44:52.045+0000] {logging_mixin.py:188} INFO - [2026-04-18T18:44:52.045+0000] {dag.py:3096} INFO - Sync 1 DAGs
[2026-04-18T18:44:52.077+0000] {logging_mixin.py:188} INFO - [2026-04-18T18:44:52.077+0000] {dag.py:3954} INFO - Setting next_dagrun for example_task_group to 2026-04-17 00:00:00+00:00, run_after=2026-04-18 00:00:00+00:00
[2026-04-18T18:44:52.101+0000] {processor.py:183} INFO - Processing /home/airflow/.local/lib/python3.12/site-packages/airflow/example_dags/example_task_group.py took 0.098 seconds
[2026-04-18T18:45:22.475+0000] {processor.py:161} INFO - Started process (PID=247) to work on /home/airflow/.local/lib/python3.12/site-packages/airflow/example_dags/example_task_group.py
[2026-04-18T18:45:22.476+0000] {processor.py:830} INFO - Processing file /home/airflow/.local/lib/python3.12/site-packages/airflow/example_dags/example_task_group.py for tasks to queue
[2026-04-18T18:45:22.478+0000] {logging_mixin.py:188} INFO - [2026-04-18T18:45:22.477+0000] {dagbag.py:545} INFO - Filling up the DagBag from /home/airflow/.local/lib/python3.12/site-packages/airflow/example_dags/example_task_group.py
[2026-04-18T18:45:22.484+0000] {processor.py:840} INFO - DAG(s) 'example_task_group' retrieved from /home/airflow/.local/lib/python3.12/site-packages/airflow/example_dags/example_task_group.py
[2026-04-18T18:45:22.504+0000] {logging_mixin.py:188} INFO - [2026-04-18T18:45:22.504+0000] {dag.py:3096} INFO - Sync 1 DAGs
[2026-04-18T18:45:22.524+0000] {logging_mixin.py:188} INFO - [2026-04-18T18:45:22.524+0000] {dag.py:3954} INFO - Setting next_dagrun for example_task_group to 2026-04-17 00:00:00+00:00, run_after=2026-04-18 00:00:00+00:00
[2026-04-18T18:45:22.544+0000] {processor.py:183} INFO - Processing /home/airflow/.local/lib/python3.12/site-packages/airflow/example_dags/example_task_group.py took 0.074 seconds
