[2026-04-18T18:43:50.627+0000] {processor.py:161} INFO - Started process (PID=60) to work on /home/airflow/.local/lib/python3.12/site-packages/airflow/example_dags/example_sla_dag.py
[2026-04-18T18:43:50.628+0000] {processor.py:830} INFO - Processing file /home/airflow/.local/lib/python3.12/site-packages/airflow/example_dags/example_sla_dag.py for tasks to queue
[2026-04-18T18:43:50.630+0000] {logging_mixin.py:188} INFO - [2026-04-18T18:43:50.629+0000] {dagbag.py:545} INFO - Filling up the DagBag from /home/airflow/.local/lib/python3.12/site-packages/airflow/example_dags/example_sla_dag.py
[2026-04-18T18:43:50.644+0000] {processor.py:840} INFO - DAG(s) 'example_sla_dag' retrieved from /home/airflow/.local/lib/python3.12/site-packages/airflow/example_dags/example_sla_dag.py
[2026-04-18T18:43:50.660+0000] {logging_mixin.py:188} INFO - [2026-04-18T18:43:50.660+0000] {dag.py:3096} INFO - Sync 1 DAGs
[2026-04-18T18:43:50.698+0000] {logging_mixin.py:188} INFO - [2026-04-18T18:43:50.698+0000] {dag.py:3954} INFO - Setting next_dagrun for example_sla_dag to 2026-04-18 18:40:00+00:00, run_after=2026-04-18 18:42:00+00:00
[2026-04-18T18:43:50.722+0000] {processor.py:183} INFO - Processing /home/airflow/.local/lib/python3.12/site-packages/airflow/example_dags/example_sla_dag.py took 0.101 seconds
[2026-04-18T18:44:20.970+0000] {processor.py:161} INFO - Started process (PID=118) to work on /home/airflow/.local/lib/python3.12/site-packages/airflow/example_dags/example_sla_dag.py
[2026-04-18T18:44:20.971+0000] {processor.py:830} INFO - Processing file /home/airflow/.local/lib/python3.12/site-packages/airflow/example_dags/example_sla_dag.py for tasks to queue
[2026-04-18T18:44:20.974+0000] {logging_mixin.py:188} INFO - [2026-04-18T18:44:20.974+0000] {dagbag.py:545} INFO - Filling up the DagBag from /home/airflow/.local/lib/python3.12/site-packages/airflow/example_dags/example_sla_dag.py
[2026-04-18T18:44:20.986+0000] {processor.py:840} INFO - DAG(s) 'example_sla_dag' retrieved from /home/airflow/.local/lib/python3.12/site-packages/airflow/example_dags/example_sla_dag.py
[2026-04-18T18:44:21.083+0000] {logging_mixin.py:188} INFO - [2026-04-18T18:44:21.083+0000] {dag.py:3096} INFO - Sync 1 DAGs
[2026-04-18T18:44:21.105+0000] {logging_mixin.py:188} INFO - [2026-04-18T18:44:21.104+0000] {dag.py:3954} INFO - Setting next_dagrun for example_sla_dag to 2026-04-18 18:42:00+00:00, run_after=2026-04-18 18:44:00+00:00
[2026-04-18T18:44:21.121+0000] {processor.py:183} INFO - Processing /home/airflow/.local/lib/python3.12/site-packages/airflow/example_dags/example_sla_dag.py took 0.156 seconds
[2026-04-18T18:44:51.485+0000] {processor.py:161} INFO - Started process (PID=182) to work on /home/airflow/.local/lib/python3.12/site-packages/airflow/example_dags/example_sla_dag.py
[2026-04-18T18:44:51.486+0000] {processor.py:830} INFO - Processing file /home/airflow/.local/lib/python3.12/site-packages/airflow/example_dags/example_sla_dag.py for tasks to queue
[2026-04-18T18:44:51.488+0000] {logging_mixin.py:188} INFO - [2026-04-18T18:44:51.487+0000] {dagbag.py:545} INFO - Filling up the DagBag from /home/airflow/.local/lib/python3.12/site-packages/airflow/example_dags/example_sla_dag.py
[2026-04-18T18:44:51.496+0000] {processor.py:840} INFO - DAG(s) 'example_sla_dag' retrieved from /home/airflow/.local/lib/python3.12/site-packages/airflow/example_dags/example_sla_dag.py
[2026-04-18T18:44:51.518+0000] {logging_mixin.py:188} INFO - [2026-04-18T18:44:51.517+0000] {dag.py:3096} INFO - Sync 1 DAGs
[2026-04-18T18:44:51.549+0000] {logging_mixin.py:188} INFO - [2026-04-18T18:44:51.548+0000] {dag.py:3954} INFO - Setting next_dagrun for example_sla_dag to 2026-04-18 18:42:00+00:00, run_after=2026-04-18 18:44:00+00:00
[2026-04-18T18:44:51.572+0000] {processor.py:183} INFO - Processing /home/airflow/.local/lib/python3.12/site-packages/airflow/example_dags/example_sla_dag.py took 0.092 seconds
[2026-04-18T18:45:22.065+0000] {processor.py:161} INFO - Started process (PID=240) to work on /home/airflow/.local/lib/python3.12/site-packages/airflow/example_dags/example_sla_dag.py
[2026-04-18T18:45:22.066+0000] {processor.py:830} INFO - Processing file /home/airflow/.local/lib/python3.12/site-packages/airflow/example_dags/example_sla_dag.py for tasks to queue
[2026-04-18T18:45:22.067+0000] {logging_mixin.py:188} INFO - [2026-04-18T18:45:22.067+0000] {dagbag.py:545} INFO - Filling up the DagBag from /home/airflow/.local/lib/python3.12/site-packages/airflow/example_dags/example_sla_dag.py
[2026-04-18T18:45:22.075+0000] {processor.py:840} INFO - DAG(s) 'example_sla_dag' retrieved from /home/airflow/.local/lib/python3.12/site-packages/airflow/example_dags/example_sla_dag.py
[2026-04-18T18:45:22.093+0000] {logging_mixin.py:188} INFO - [2026-04-18T18:45:22.092+0000] {dag.py:3096} INFO - Sync 1 DAGs
[2026-04-18T18:45:22.115+0000] {logging_mixin.py:188} INFO - [2026-04-18T18:45:22.115+0000] {dag.py:3954} INFO - Setting next_dagrun for example_sla_dag to 2026-04-18 18:42:00+00:00, run_after=2026-04-18 18:44:00+00:00
[2026-04-18T18:45:22.132+0000] {processor.py:183} INFO - Processing /home/airflow/.local/lib/python3.12/site-packages/airflow/example_dags/example_sla_dag.py took 0.071 seconds
