[2026-04-18T18:43:53.546+0000] {processor.py:161} INFO - Started process (PID=104) to work on /home/airflow/.local/lib/python3.12/site-packages/airflow/example_dags/example_branch_python_dop_operator_3.py
[2026-04-18T18:43:53.547+0000] {processor.py:830} INFO - Processing file /home/airflow/.local/lib/python3.12/site-packages/airflow/example_dags/example_branch_python_dop_operator_3.py for tasks to queue
[2026-04-18T18:43:53.549+0000] {logging_mixin.py:188} INFO - [2026-04-18T18:43:53.549+0000] {dagbag.py:545} INFO - Filling up the DagBag from /home/airflow/.local/lib/python3.12/site-packages/airflow/example_dags/example_branch_python_dop_operator_3.py
[2026-04-18T18:43:53.563+0000] {processor.py:840} INFO - DAG(s) 'example_branch_dop_operator_v3' retrieved from /home/airflow/.local/lib/python3.12/site-packages/airflow/example_dags/example_branch_python_dop_operator_3.py
[2026-04-18T18:43:53.575+0000] {logging_mixin.py:188} INFO - [2026-04-18T18:43:53.575+0000] {dag.py:3096} INFO - Sync 1 DAGs
[2026-04-18T18:43:53.609+0000] {logging_mixin.py:188} INFO - [2026-04-18T18:43:53.609+0000] {dag.py:3954} INFO - Setting next_dagrun for example_branch_dop_operator_v3 to 2026-04-18 18:42:00+00:00, run_after=2026-04-18 18:43:00+00:00
[2026-04-18T18:43:53.632+0000] {processor.py:183} INFO - Processing /home/airflow/.local/lib/python3.12/site-packages/airflow/example_dags/example_branch_python_dop_operator_3.py took 0.093 seconds
[2026-04-18T18:44:24.580+0000] {processor.py:161} INFO - Started process (PID=162) to work on /home/airflow/.local/lib/python3.12/site-packages/airflow/example_dags/example_branch_python_dop_operator_3.py
[2026-04-18T18:44:24.581+0000] {processor.py:830} INFO - Processing file /home/airflow/.local/lib/python3.12/site-packages/airflow/example_dags/example_branch_python_dop_operator_3.py for tasks to queue
[2026-04-18T18:44:24.582+0000] {logging_mixin.py:188} INFO - [2026-04-18T18:44:24.582+0000] {dagbag.py:545} INFO - Filling up the DagBag from /home/airflow/.local/lib/python3.12/site-packages/airflow/example_dags/example_branch_python_dop_operator_3.py
[2026-04-18T18:44:24.589+0000] {processor.py:840} INFO - DAG(s) 'example_branch_dop_operator_v3' retrieved from /home/airflow/.local/lib/python3.12/site-packages/airflow/example_dags/example_branch_python_dop_operator_3.py
[2026-04-18T18:44:24.677+0000] {logging_mixin.py:188} INFO - [2026-04-18T18:44:24.677+0000] {dag.py:3096} INFO - Sync 1 DAGs
[2026-04-18T18:44:24.697+0000] {logging_mixin.py:188} INFO - [2026-04-18T18:44:24.697+0000] {dag.py:3954} INFO - Setting next_dagrun for example_branch_dop_operator_v3 to 2026-04-18 18:43:00+00:00, run_after=2026-04-18 18:44:00+00:00
[2026-04-18T18:44:24.714+0000] {processor.py:183} INFO - Processing /home/airflow/.local/lib/python3.12/site-packages/airflow/example_dags/example_branch_python_dop_operator_3.py took 0.139 seconds
[2026-04-18T18:44:54.832+0000] {processor.py:161} INFO - Started process (PID=220) to work on /home/airflow/.local/lib/python3.12/site-packages/airflow/example_dags/example_branch_python_dop_operator_3.py
[2026-04-18T18:44:54.833+0000] {processor.py:830} INFO - Processing file /home/airflow/.local/lib/python3.12/site-packages/airflow/example_dags/example_branch_python_dop_operator_3.py for tasks to queue
[2026-04-18T18:44:54.835+0000] {logging_mixin.py:188} INFO - [2026-04-18T18:44:54.835+0000] {dagbag.py:545} INFO - Filling up the DagBag from /home/airflow/.local/lib/python3.12/site-packages/airflow/example_dags/example_branch_python_dop_operator_3.py
[2026-04-18T18:44:54.843+0000] {processor.py:840} INFO - DAG(s) 'example_branch_dop_operator_v3' retrieved from /home/airflow/.local/lib/python3.12/site-packages/airflow/example_dags/example_branch_python_dop_operator_3.py
[2026-04-18T18:44:54.865+0000] {logging_mixin.py:188} INFO - [2026-04-18T18:44:54.865+0000] {dag.py:3096} INFO - Sync 1 DAGs
[2026-04-18T18:44:54.892+0000] {logging_mixin.py:188} INFO - [2026-04-18T18:44:54.892+0000] {dag.py:3954} INFO - Setting next_dagrun for example_branch_dop_operator_v3 to 2026-04-18 18:43:00+00:00, run_after=2026-04-18 18:44:00+00:00
[2026-04-18T18:44:54.912+0000] {processor.py:183} INFO - Processing /home/airflow/.local/lib/python3.12/site-packages/airflow/example_dags/example_branch_python_dop_operator_3.py took 0.086 seconds
[2026-04-18T18:45:25.156+0000] {processor.py:161} INFO - Started process (PID=278) to work on /home/airflow/.local/lib/python3.12/site-packages/airflow/example_dags/example_branch_python_dop_operator_3.py
[2026-04-18T18:45:25.157+0000] {processor.py:830} INFO - Processing file /home/airflow/.local/lib/python3.12/site-packages/airflow/example_dags/example_branch_python_dop_operator_3.py for tasks to queue
[2026-04-18T18:45:25.159+0000] {logging_mixin.py:188} INFO - [2026-04-18T18:45:25.159+0000] {dagbag.py:545} INFO - Filling up the DagBag from /home/airflow/.local/lib/python3.12/site-packages/airflow/example_dags/example_branch_python_dop_operator_3.py
[2026-04-18T18:45:25.168+0000] {processor.py:840} INFO - DAG(s) 'example_branch_dop_operator_v3' retrieved from /home/airflow/.local/lib/python3.12/site-packages/airflow/example_dags/example_branch_python_dop_operator_3.py
[2026-04-18T18:45:25.186+0000] {logging_mixin.py:188} INFO - [2026-04-18T18:45:25.186+0000] {dag.py:3096} INFO - Sync 1 DAGs
[2026-04-18T18:45:25.210+0000] {logging_mixin.py:188} INFO - [2026-04-18T18:45:25.210+0000] {dag.py:3954} INFO - Setting next_dagrun for example_branch_dop_operator_v3 to 2026-04-18 18:44:00+00:00, run_after=2026-04-18 18:45:00+00:00
[2026-04-18T18:45:25.229+0000] {processor.py:183} INFO - Processing /home/airflow/.local/lib/python3.12/site-packages/airflow/example_dags/example_branch_python_dop_operator_3.py took 0.078 seconds
