[2026-04-18T18:43:52.007+0000] {processor.py:161} INFO - Started process (PID=82) to work on /home/airflow/.local/lib/python3.12/site-packages/airflow/example_dags/example_branch_operator.py
[2026-04-18T18:43:52.008+0000] {processor.py:830} INFO - Processing file /home/airflow/.local/lib/python3.12/site-packages/airflow/example_dags/example_branch_operator.py for tasks to queue
[2026-04-18T18:43:52.011+0000] {logging_mixin.py:188} INFO - [2026-04-18T18:43:52.011+0000] {dagbag.py:545} INFO - Filling up the DagBag from /home/airflow/.local/lib/python3.12/site-packages/airflow/example_dags/example_branch_operator.py
[2026-04-18T18:43:52.040+0000] {processor.py:840} INFO - DAG(s) 'example_branch_operator' retrieved from /home/airflow/.local/lib/python3.12/site-packages/airflow/example_dags/example_branch_operator.py
[2026-04-18T18:43:52.057+0000] {logging_mixin.py:188} INFO - [2026-04-18T18:43:52.056+0000] {dag.py:3096} INFO - Sync 1 DAGs
[2026-04-18T18:43:52.091+0000] {logging_mixin.py:188} INFO - [2026-04-18T18:43:52.091+0000] {dag.py:3954} INFO - Setting next_dagrun for example_branch_operator to 2026-04-17 00:00:00+00:00, run_after=2026-04-18 00:00:00+00:00
[2026-04-18T18:43:52.114+0000] {processor.py:183} INFO - Processing /home/airflow/.local/lib/python3.12/site-packages/airflow/example_dags/example_branch_operator.py took 0.115 seconds
[2026-04-18T18:44:22.524+0000] {processor.py:161} INFO - Started process (PID=140) to work on /home/airflow/.local/lib/python3.12/site-packages/airflow/example_dags/example_branch_operator.py
[2026-04-18T18:44:22.525+0000] {processor.py:830} INFO - Processing file /home/airflow/.local/lib/python3.12/site-packages/airflow/example_dags/example_branch_operator.py for tasks to queue
[2026-04-18T18:44:22.527+0000] {logging_mixin.py:188} INFO - [2026-04-18T18:44:22.527+0000] {dagbag.py:545} INFO - Filling up the DagBag from /home/airflow/.local/lib/python3.12/site-packages/airflow/example_dags/example_branch_operator.py
[2026-04-18T18:44:22.542+0000] {processor.py:840} INFO - DAG(s) 'example_branch_operator' retrieved from /home/airflow/.local/lib/python3.12/site-packages/airflow/example_dags/example_branch_operator.py
[2026-04-18T18:44:22.645+0000] {logging_mixin.py:188} INFO - [2026-04-18T18:44:22.645+0000] {dag.py:3096} INFO - Sync 1 DAGs
[2026-04-18T18:44:22.665+0000] {logging_mixin.py:188} INFO - [2026-04-18T18:44:22.665+0000] {dag.py:3954} INFO - Setting next_dagrun for example_branch_operator to 2026-04-17 00:00:00+00:00, run_after=2026-04-18 00:00:00+00:00
[2026-04-18T18:44:22.683+0000] {processor.py:183} INFO - Processing /home/airflow/.local/lib/python3.12/site-packages/airflow/example_dags/example_branch_operator.py took 0.163 seconds
[2026-04-18T18:44:53.498+0000] {processor.py:161} INFO - Started process (PID=198) to work on /home/airflow/.local/lib/python3.12/site-packages/airflow/example_dags/example_branch_operator.py
[2026-04-18T18:44:53.499+0000] {processor.py:830} INFO - Processing file /home/airflow/.local/lib/python3.12/site-packages/airflow/example_dags/example_branch_operator.py for tasks to queue
[2026-04-18T18:44:53.500+0000] {logging_mixin.py:188} INFO - [2026-04-18T18:44:53.500+0000] {dagbag.py:545} INFO - Filling up the DagBag from /home/airflow/.local/lib/python3.12/site-packages/airflow/example_dags/example_branch_operator.py
[2026-04-18T18:44:53.515+0000] {processor.py:840} INFO - DAG(s) 'example_branch_operator' retrieved from /home/airflow/.local/lib/python3.12/site-packages/airflow/example_dags/example_branch_operator.py
[2026-04-18T18:44:53.545+0000] {logging_mixin.py:188} INFO - [2026-04-18T18:44:53.545+0000] {dag.py:3096} INFO - Sync 1 DAGs
[2026-04-18T18:44:53.566+0000] {logging_mixin.py:188} INFO - [2026-04-18T18:44:53.566+0000] {dag.py:3954} INFO - Setting next_dagrun for example_branch_operator to 2026-04-17 00:00:00+00:00, run_after=2026-04-18 00:00:00+00:00
[2026-04-18T18:44:53.588+0000] {processor.py:183} INFO - Processing /home/airflow/.local/lib/python3.12/site-packages/airflow/example_dags/example_branch_operator.py took 0.095 seconds
[2026-04-18T18:45:23.897+0000] {processor.py:161} INFO - Started process (PID=256) to work on /home/airflow/.local/lib/python3.12/site-packages/airflow/example_dags/example_branch_operator.py
[2026-04-18T18:45:23.898+0000] {processor.py:830} INFO - Processing file /home/airflow/.local/lib/python3.12/site-packages/airflow/example_dags/example_branch_operator.py for tasks to queue
[2026-04-18T18:45:23.900+0000] {logging_mixin.py:188} INFO - [2026-04-18T18:45:23.899+0000] {dagbag.py:545} INFO - Filling up the DagBag from /home/airflow/.local/lib/python3.12/site-packages/airflow/example_dags/example_branch_operator.py
[2026-04-18T18:45:23.916+0000] {processor.py:840} INFO - DAG(s) 'example_branch_operator' retrieved from /home/airflow/.local/lib/python3.12/site-packages/airflow/example_dags/example_branch_operator.py
[2026-04-18T18:45:23.946+0000] {logging_mixin.py:188} INFO - [2026-04-18T18:45:23.946+0000] {dag.py:3096} INFO - Sync 1 DAGs
[2026-04-18T18:45:23.972+0000] {logging_mixin.py:188} INFO - [2026-04-18T18:45:23.971+0000] {dag.py:3954} INFO - Setting next_dagrun for example_branch_operator to 2026-04-17 00:00:00+00:00, run_after=2026-04-18 00:00:00+00:00
[2026-04-18T18:45:23.994+0000] {processor.py:183} INFO - Processing /home/airflow/.local/lib/python3.12/site-packages/airflow/example_dags/example_branch_operator.py took 0.103 seconds
