[2026-04-18T18:43:51.562+0000] {processor.py:161} INFO - Started process (PID=76) to work on /home/airflow/.local/lib/python3.12/site-packages/airflow/example_dags/example_nested_branch_dag.py
[2026-04-18T18:43:51.563+0000] {processor.py:830} INFO - Processing file /home/airflow/.local/lib/python3.12/site-packages/airflow/example_dags/example_nested_branch_dag.py for tasks to queue
[2026-04-18T18:43:51.565+0000] {logging_mixin.py:188} INFO - [2026-04-18T18:43:51.565+0000] {dagbag.py:545} INFO - Filling up the DagBag from /home/airflow/.local/lib/python3.12/site-packages/airflow/example_dags/example_nested_branch_dag.py
[2026-04-18T18:43:51.581+0000] {processor.py:840} INFO - DAG(s) 'example_nested_branch_dag' retrieved from /home/airflow/.local/lib/python3.12/site-packages/airflow/example_dags/example_nested_branch_dag.py
[2026-04-18T18:43:51.597+0000] {logging_mixin.py:188} INFO - [2026-04-18T18:43:51.597+0000] {dag.py:3096} INFO - Sync 1 DAGs
[2026-04-18T18:43:51.627+0000] {logging_mixin.py:188} INFO - [2026-04-18T18:43:51.627+0000] {dag.py:3954} INFO - Setting next_dagrun for example_nested_branch_dag to 2026-04-17 00:00:00+00:00, run_after=2026-04-18 00:00:00+00:00
[2026-04-18T18:43:51.650+0000] {processor.py:183} INFO - Processing /home/airflow/.local/lib/python3.12/site-packages/airflow/example_dags/example_nested_branch_dag.py took 0.092 seconds
[2026-04-18T18:44:21.999+0000] {processor.py:161} INFO - Started process (PID=134) to work on /home/airflow/.local/lib/python3.12/site-packages/airflow/example_dags/example_nested_branch_dag.py
[2026-04-18T18:44:22.000+0000] {processor.py:830} INFO - Processing file /home/airflow/.local/lib/python3.12/site-packages/airflow/example_dags/example_nested_branch_dag.py for tasks to queue
[2026-04-18T18:44:22.001+0000] {logging_mixin.py:188} INFO - [2026-04-18T18:44:22.001+0000] {dagbag.py:545} INFO - Filling up the DagBag from /home/airflow/.local/lib/python3.12/site-packages/airflow/example_dags/example_nested_branch_dag.py
[2026-04-18T18:44:22.010+0000] {processor.py:840} INFO - DAG(s) 'example_nested_branch_dag' retrieved from /home/airflow/.local/lib/python3.12/site-packages/airflow/example_dags/example_nested_branch_dag.py
[2026-04-18T18:44:22.109+0000] {logging_mixin.py:188} INFO - [2026-04-18T18:44:22.108+0000] {dag.py:3096} INFO - Sync 1 DAGs
[2026-04-18T18:44:22.128+0000] {logging_mixin.py:188} INFO - [2026-04-18T18:44:22.128+0000] {dag.py:3954} INFO - Setting next_dagrun for example_nested_branch_dag to 2026-04-17 00:00:00+00:00, run_after=2026-04-18 00:00:00+00:00
[2026-04-18T18:44:22.150+0000] {processor.py:183} INFO - Processing /home/airflow/.local/lib/python3.12/site-packages/airflow/example_dags/example_nested_branch_dag.py took 0.156 seconds
[2026-04-18T18:44:52.230+0000] {processor.py:161} INFO - Started process (PID=192) to work on /home/airflow/.local/lib/python3.12/site-packages/airflow/example_dags/example_nested_branch_dag.py
[2026-04-18T18:44:52.231+0000] {processor.py:830} INFO - Processing file /home/airflow/.local/lib/python3.12/site-packages/airflow/example_dags/example_nested_branch_dag.py for tasks to queue
[2026-04-18T18:44:52.233+0000] {logging_mixin.py:188} INFO - [2026-04-18T18:44:52.232+0000] {dagbag.py:545} INFO - Filling up the DagBag from /home/airflow/.local/lib/python3.12/site-packages/airflow/example_dags/example_nested_branch_dag.py
[2026-04-18T18:44:52.245+0000] {processor.py:840} INFO - DAG(s) 'example_nested_branch_dag' retrieved from /home/airflow/.local/lib/python3.12/site-packages/airflow/example_dags/example_nested_branch_dag.py
[2026-04-18T18:44:52.273+0000] {logging_mixin.py:188} INFO - [2026-04-18T18:44:52.273+0000] {dag.py:3096} INFO - Sync 1 DAGs
[2026-04-18T18:44:52.302+0000] {logging_mixin.py:188} INFO - [2026-04-18T18:44:52.301+0000] {dag.py:3954} INFO - Setting next_dagrun for example_nested_branch_dag to 2026-04-17 00:00:00+00:00, run_after=2026-04-18 00:00:00+00:00
[2026-04-18T18:44:52.327+0000] {processor.py:183} INFO - Processing /home/airflow/.local/lib/python3.12/site-packages/airflow/example_dags/example_nested_branch_dag.py took 0.103 seconds
[2026-04-18T18:45:22.663+0000] {processor.py:161} INFO - Started process (PID=250) to work on /home/airflow/.local/lib/python3.12/site-packages/airflow/example_dags/example_nested_branch_dag.py
[2026-04-18T18:45:22.664+0000] {processor.py:830} INFO - Processing file /home/airflow/.local/lib/python3.12/site-packages/airflow/example_dags/example_nested_branch_dag.py for tasks to queue
[2026-04-18T18:45:22.666+0000] {logging_mixin.py:188} INFO - [2026-04-18T18:45:22.665+0000] {dagbag.py:545} INFO - Filling up the DagBag from /home/airflow/.local/lib/python3.12/site-packages/airflow/example_dags/example_nested_branch_dag.py
[2026-04-18T18:45:22.675+0000] {processor.py:840} INFO - DAG(s) 'example_nested_branch_dag' retrieved from /home/airflow/.local/lib/python3.12/site-packages/airflow/example_dags/example_nested_branch_dag.py
[2026-04-18T18:45:22.695+0000] {logging_mixin.py:188} INFO - [2026-04-18T18:45:22.694+0000] {dag.py:3096} INFO - Sync 1 DAGs
[2026-04-18T18:45:22.715+0000] {logging_mixin.py:188} INFO - [2026-04-18T18:45:22.715+0000] {dag.py:3954} INFO - Setting next_dagrun for example_nested_branch_dag to 2026-04-17 00:00:00+00:00, run_after=2026-04-18 00:00:00+00:00
[2026-04-18T18:45:22.732+0000] {processor.py:183} INFO - Processing /home/airflow/.local/lib/python3.12/site-packages/airflow/example_dags/example_nested_branch_dag.py took 0.074 seconds
