[2026-04-18T18:43:53.168+0000] {processor.py:161} INFO - Started process (PID=97) to work on /home/airflow/.local/lib/python3.12/site-packages/airflow/example_dags/tutorial_dag.py
[2026-04-18T18:43:53.170+0000] {processor.py:830} INFO - Processing file /home/airflow/.local/lib/python3.12/site-packages/airflow/example_dags/tutorial_dag.py for tasks to queue
[2026-04-18T18:43:53.172+0000] {logging_mixin.py:188} INFO - [2026-04-18T18:43:53.172+0000] {dagbag.py:545} INFO - Filling up the DagBag from /home/airflow/.local/lib/python3.12/site-packages/airflow/example_dags/tutorial_dag.py
[2026-04-18T18:43:53.182+0000] {processor.py:840} INFO - DAG(s) 'tutorial_dag' retrieved from /home/airflow/.local/lib/python3.12/site-packages/airflow/example_dags/tutorial_dag.py
[2026-04-18T18:43:53.198+0000] {logging_mixin.py:188} INFO - [2026-04-18T18:43:53.198+0000] {dag.py:3096} INFO - Sync 1 DAGs
[2026-04-18T18:43:53.215+0000] {logging_mixin.py:188} INFO - [2026-04-18T18:43:53.215+0000] {dag.py:3954} INFO - Setting next_dagrun for tutorial_dag to None, run_after=None
[2026-04-18T18:43:53.237+0000] {processor.py:183} INFO - Processing /home/airflow/.local/lib/python3.12/site-packages/airflow/example_dags/tutorial_dag.py took 0.078 seconds
[2026-04-18T18:44:24.043+0000] {processor.py:161} INFO - Started process (PID=155) to work on /home/airflow/.local/lib/python3.12/site-packages/airflow/example_dags/tutorial_dag.py
[2026-04-18T18:44:24.044+0000] {processor.py:830} INFO - Processing file /home/airflow/.local/lib/python3.12/site-packages/airflow/example_dags/tutorial_dag.py for tasks to queue
[2026-04-18T18:44:24.046+0000] {logging_mixin.py:188} INFO - [2026-04-18T18:44:24.046+0000] {dagbag.py:545} INFO - Filling up the DagBag from /home/airflow/.local/lib/python3.12/site-packages/airflow/example_dags/tutorial_dag.py
[2026-04-18T18:44:24.050+0000] {processor.py:840} INFO - DAG(s) 'tutorial_dag' retrieved from /home/airflow/.local/lib/python3.12/site-packages/airflow/example_dags/tutorial_dag.py
[2026-04-18T18:44:24.140+0000] {logging_mixin.py:188} INFO - [2026-04-18T18:44:24.140+0000] {dag.py:3096} INFO - Sync 1 DAGs
[2026-04-18T18:44:24.151+0000] {logging_mixin.py:188} INFO - [2026-04-18T18:44:24.150+0000] {dag.py:3954} INFO - Setting next_dagrun for tutorial_dag to None, run_after=None
[2026-04-18T18:44:24.166+0000] {processor.py:183} INFO - Processing /home/airflow/.local/lib/python3.12/site-packages/airflow/example_dags/tutorial_dag.py took 0.128 seconds
[2026-04-18T18:44:54.457+0000] {processor.py:161} INFO - Started process (PID=213) to work on /home/airflow/.local/lib/python3.12/site-packages/airflow/example_dags/tutorial_dag.py
[2026-04-18T18:44:54.459+0000] {processor.py:830} INFO - Processing file /home/airflow/.local/lib/python3.12/site-packages/airflow/example_dags/tutorial_dag.py for tasks to queue
[2026-04-18T18:44:54.463+0000] {logging_mixin.py:188} INFO - [2026-04-18T18:44:54.463+0000] {dagbag.py:545} INFO - Filling up the DagBag from /home/airflow/.local/lib/python3.12/site-packages/airflow/example_dags/tutorial_dag.py
[2026-04-18T18:44:54.475+0000] {processor.py:840} INFO - DAG(s) 'tutorial_dag' retrieved from /home/airflow/.local/lib/python3.12/site-packages/airflow/example_dags/tutorial_dag.py
[2026-04-18T18:44:54.496+0000] {logging_mixin.py:188} INFO - [2026-04-18T18:44:54.496+0000] {dag.py:3096} INFO - Sync 1 DAGs
[2026-04-18T18:44:54.515+0000] {logging_mixin.py:188} INFO - [2026-04-18T18:44:54.515+0000] {dag.py:3954} INFO - Setting next_dagrun for tutorial_dag to None, run_after=None
[2026-04-18T18:44:54.535+0000] {processor.py:183} INFO - Processing /home/airflow/.local/lib/python3.12/site-packages/airflow/example_dags/tutorial_dag.py took 0.087 seconds
[2026-04-18T18:45:24.821+0000] {processor.py:161} INFO - Started process (PID=271) to work on /home/airflow/.local/lib/python3.12/site-packages/airflow/example_dags/tutorial_dag.py
[2026-04-18T18:45:24.822+0000] {processor.py:830} INFO - Processing file /home/airflow/.local/lib/python3.12/site-packages/airflow/example_dags/tutorial_dag.py for tasks to queue
[2026-04-18T18:45:24.824+0000] {logging_mixin.py:188} INFO - [2026-04-18T18:45:24.823+0000] {dagbag.py:545} INFO - Filling up the DagBag from /home/airflow/.local/lib/python3.12/site-packages/airflow/example_dags/tutorial_dag.py
[2026-04-18T18:45:24.828+0000] {processor.py:840} INFO - DAG(s) 'tutorial_dag' retrieved from /home/airflow/.local/lib/python3.12/site-packages/airflow/example_dags/tutorial_dag.py
[2026-04-18T18:45:24.846+0000] {logging_mixin.py:188} INFO - [2026-04-18T18:45:24.846+0000] {dag.py:3096} INFO - Sync 1 DAGs
[2026-04-18T18:45:24.858+0000] {logging_mixin.py:188} INFO - [2026-04-18T18:45:24.858+0000] {dag.py:3954} INFO - Setting next_dagrun for tutorial_dag to None, run_after=None
[2026-04-18T18:45:24.877+0000] {processor.py:183} INFO - Processing /home/airflow/.local/lib/python3.12/site-packages/airflow/example_dags/tutorial_dag.py took 0.060 seconds
